task9.1 does not follow the convention file name for the task!

Strict matching (boundaries + type)
cor	inc	par	mis	spu	total	prec	recall	F1
209	73	0	22	45	304	0.64	0.69	0.66



Exact matching
cor	inc	par	mis	spu	total	prec	recall	F1
259	23	0	22	45	304	0.79	0.85	0.82



Partial matching
cor	inc	par	mis	spu	total	prec	recall	F1
259	0	23	22	45	304	0.79	0.89	0.84



type matching
cor	inc	par	mis	spu	total	prec	recall	F1
223	59	0	22	45	304	0.68	0.73	0.71



SCORES FOR ENTITY TYPE
Exact matching on drug
cor	inc	par	mis	spu	total	prec	recall	F1
147	5	0	28	10	180	0.91	0.82	0.86


Exact matching on brand
cor	inc	par	mis	spu	total	prec	recall	F1
13	0	0	40	3	53	0.81	0.25	0.38


Exact matching on group
cor	inc	par	mis	spu	total	prec	recall	F1
49	6	0	10	7	65	0.79	0.75	0.77


Exact matching on drug_n
cor	inc	par	mis	spu	total	prec	recall	F1
0	3	0	3	4	6	0	0	0


MACRO-AVERAGE MEASURES:
P	R	F1
0.63	0.45	0.5
________________________________________________________________________

