SCORES FOR the file: task9.1.txt
Gold Dataset: /DrugBank

Partial Evaluation: only detection of DDI (regadless to the type)
tp	fp	fn	total	prec	recall	F1
884	4381	0	884	0.1679	1	0.2875


Detection and Classification of DDI
tp	fp	fn	total	prec	recall	F1
343	4922	541	884	0.0651	0.388	0.1116


________________________________________________________________________

SCORES FOR DDI TYPE
Scores for ddi with type mechanism
tp	fp	fn	total	prec	recall	F1
99	72	179	278	0.5789	0.3561	0.441


Scores for ddi with type effect
tp	fp	fn	total	prec	recall	F1
141	135	157	298	0.5109	0.4732	0.4913


Scores for ddi with type advise
tp	fp	fn	total	prec	recall	F1
88	40	126	214	0.6875	0.4112	0.5146


Scores for ddi with type int
tp	fp	fn	total	prec	recall	F1
15	4	79	94	0.7895	0.1596	0.2655


MACRO-AVERAGE MEASURES:
	P	R	F1
	0.6417	0.35	0.453
________________________________________________________________________

