task9.1 does not follow the convention file name for the task!

Strict matching (boundaries + type)
cor	inc	par	mis	spu	total	prec	recall	F1
212	25	0	67	21	304	0.82	0.7	0.75



Exact matching
cor	inc	par	mis	spu	total	prec	recall	F1
222	15	0	67	21	304	0.86	0.73	0.79



Partial matching
cor	inc	par	mis	spu	total	prec	recall	F1
222	0	15	67	21	304	0.86	0.75	0.8



type matching
cor	inc	par	mis	spu	total	prec	recall	F1
221	16	0	67	21	304	0.86	0.73	0.79



SCORES FOR ENTITY TYPE
Exact matching on drug
cor	inc	par	mis	spu	total	prec	recall	F1
147	5	0	28	15	180	0.88	0.82	0.85


Exact matching on brand
cor	inc	par	mis	spu	total	prec	recall	F1
11	0	0	42	1	53	0.92	0.21	0.34


Exact matching on group
cor	inc	par	mis	spu	total	prec	recall	F1
54	4	0	7	12	65	0.77	0.83	0.8


Exact matching on drug_n
cor	inc	par	mis	spu	total	prec	recall	F1
0	0	0	6	0	6	0	0	0


MACRO-AVERAGE MEASURES:
P	R	F1
0.64	0.46	0.5
________________________________________________________________________

