task9.1 does not follow the convention file name for the task!

Strict matching (boundaries + type)
cor	inc	par	mis	spu	total	prec	recall	F1
245	38	0	21	46	304	0.74	0.81	0.77



Exact matching
cor	inc	par	mis	spu	total	prec	recall	F1
260	23	0	21	46	304	0.79	0.86	0.82



Partial matching
cor	inc	par	mis	spu	total	prec	recall	F1
260	0	23	21	46	304	0.79	0.89	0.84



type matching
cor	inc	par	mis	spu	total	prec	recall	F1
257	26	0	21	46	304	0.78	0.85	0.81



SCORES FOR ENTITY TYPE
Exact matching on drug
cor	inc	par	mis	spu	total	prec	recall	F1
150	6	0	24	11	180	0.9	0.83	0.86


Exact matching on brand
cor	inc	par	mis	spu	total	prec	recall	F1
46	1	0	6	16	53	0.73	0.87	0.79


Exact matching on group
cor	inc	par	mis	spu	total	prec	recall	F1
49	5	0	11	7	65	0.8	0.75	0.78


Exact matching on drug_n
cor	inc	par	mis	spu	total	prec	recall	F1
0	0	0	6	0	6	0	0	0


MACRO-AVERAGE MEASURES:
P	R	F1
0.61	0.61	0.61
________________________________________________________________________

