task9.1 does not follow the convention file name for the task!

Strict matching (boundaries + type)
cor	inc	par	mis	spu	total	prec	recall	F1
241	24	0	39	22	304	0.84	0.79	0.82



Exact matching
cor	inc	par	mis	spu	total	prec	recall	F1
247	18	0	39	22	304	0.86	0.81	0.84



Partial matching
cor	inc	par	mis	spu	total	prec	recall	F1
247	0	18	39	22	304	0.86	0.84	0.85



type matching
cor	inc	par	mis	spu	total	prec	recall	F1
254	11	0	39	22	304	0.89	0.84	0.86



SCORES FOR ENTITY TYPE
Exact matching on drug
cor	inc	par	mis	spu	total	prec	recall	F1
151	5	0	24	5	180	0.94	0.84	0.89


Exact matching on brand
cor	inc	par	mis	spu	total	prec	recall	F1
34	1	0	18	3	53	0.89	0.64	0.75


Exact matching on group
cor	inc	par	mis	spu	total	prec	recall	F1
54	7	0	4	9	65	0.77	0.83	0.8


Exact matching on drug_n
cor	inc	par	mis	spu	total	prec	recall	F1
2	0	0	4	0	6	1	0.33	0.5


MACRO-AVERAGE MEASURES:
P	R	F1
0.9	0.66	0.73
________________________________________________________________________

