task9.1 does not follow the convention file name for the task!

Strict matching (boundaries + type)
cor	inc	par	mis	spu	total	prec	recall	F1
212	25	0	67	13	304	0.85	0.7	0.77



Exact matching
cor	inc	par	mis	spu	total	prec	recall	F1
226	11	0	67	13	304	0.9	0.74	0.82



Partial matching
cor	inc	par	mis	spu	total	prec	recall	F1
226	0	11	67	13	304	0.9	0.76	0.83



type matching
cor	inc	par	mis	spu	total	prec	recall	F1
219	18	0	67	13	304	0.88	0.72	0.79



SCORES FOR ENTITY TYPE
Exact matching on drug
cor	inc	par	mis	spu	total	prec	recall	F1
143	2	0	35	8	180	0.93	0.79	0.86


Exact matching on brand
cor	inc	par	mis	spu	total	prec	recall	F1
15	0	0	38	1	53	0.94	0.28	0.43


Exact matching on group
cor	inc	par	mis	spu	total	prec	recall	F1
54	5	0	6	6	65	0.83	0.83	0.83


Exact matching on drug_n
cor	inc	par	mis	spu	total	prec	recall	F1
0	0	0	6	0	6	0	0	0


MACRO-AVERAGE MEASURES:
P	R	F1
0.68	0.48	0.53
________________________________________________________________________

