SCORES FOR the file: task9.1.txt
Gold Dataset: /DrugBank

Partial Evaluation: only detection of DDI (regadless to the type)
tp	fp	fn	total	prec	recall	F1
884	4381	0	884	0.1679	1	0.2875


Detection and Classification of DDI
tp	fp	fn	total	prec	recall	F1
339	4926	545	884	0.0644	0.3835	0.1103


________________________________________________________________________

SCORES FOR DDI TYPE
Scores for ddi with type mechanism
tp	fp	fn	total	prec	recall	F1
86	45	192	278	0.6565	0.3094	0.4205


Scores for ddi with type effect
tp	fp	fn	total	prec	recall	F1
151	122	147	298	0.5531	0.5067	0.5289


Scores for ddi with type advise
tp	fp	fn	total	prec	recall	F1
85	30	129	214	0.7391	0.3972	0.5167


Scores for ddi with type int
tp	fp	fn	total	prec	recall	F1
17	6	77	94	0.7391	0.1809	0.2906


MACRO-AVERAGE MEASURES:
	P	R	F1
	0.672	0.3485	0.459
________________________________________________________________________

