task9.1 does not follow the convention file name for the task!

Strict matching (boundaries + type)
cor	inc	par	mis	spu	total	prec	recall	F1
218	54	0	32	26	304	0.73	0.72	0.72



Exact matching
cor	inc	par	mis	spu	total	prec	recall	F1
254	18	0	32	26	304	0.85	0.84	0.84



Partial matching
cor	inc	par	mis	spu	total	prec	recall	F1
254	0	18	32	26	304	0.85	0.87	0.86



type matching
cor	inc	par	mis	spu	total	prec	recall	F1
231	41	0	32	26	304	0.78	0.76	0.77



SCORES FOR ENTITY TYPE
Exact matching on drug
cor	inc	par	mis	spu	total	prec	recall	F1
147	6	0	27	35	180	0.78	0.82	0.8


Exact matching on brand
cor	inc	par	mis	spu	total	prec	recall	F1
24	0	0	29	0	53	1	0.45	0.62


Exact matching on group
cor	inc	par	mis	spu	total	prec	recall	F1
47	7	0	11	9	65	0.75	0.72	0.73


Exact matching on drug_n
cor	inc	par	mis	spu	total	prec	recall	F1
0	0	0	6	0	6	0	0	0


MACRO-AVERAGE MEASURES:
P	R	F1
0.63	0.5	0.54
________________________________________________________________________

