SCORES FOR the file: task9.1.txt
Gold Dataset: /MedLine

Partial Evaluation: only detection of DDI (regadless to the type)
tp	fp	fn	total	prec	recall	F1
95	356	0	95	0.2106	1	0.348


Detection and Classification of DDI
tp	fp	fn	total	prec	recall	F1
6	445	89	95	0.0133	0.0632	0.022


________________________________________________________________________

SCORES FOR DDI TYPE
Scores for ddi with type mechanism
tp	fp	fn	total	prec	recall	F1
5	1	19	24	0.8333	0.2083	0.3333


Scores for ddi with type effect
tp	fp	fn	total	prec	recall	F1
1	7	61	62	0.125	0.0161	0.0286


Scores for ddi with type advise
tp	fp	fn	total	prec	recall	F1
0	0	7	7	0	0	0


Scores for ddi with type int
tp	fp	fn	total	prec	recall	F1
0	2	2	2	0	0	0


MACRO-AVERAGE MEASURES:
	P	R	F1
	0.2396	0.0561	0.0909
________________________________________________________________________

