task9.1 does not follow the convention file name for the task!

Strict matching (boundaries + type)
cor	inc	par	mis	spu	total	prec	recall	F1
237	50	0	17	74	304	0.66	0.78	0.71



Exact matching
cor	inc	par	mis	spu	total	prec	recall	F1
258	29	0	17	74	304	0.71	0.85	0.78



Partial matching
cor	inc	par	mis	spu	total	prec	recall	F1
258	0	29	17	74	304	0.71	0.9	0.8



type matching
cor	inc	par	mis	spu	total	prec	recall	F1
257	30	0	17	74	304	0.71	0.85	0.77



SCORES FOR ENTITY TYPE
Exact matching on drug
cor	inc	par	mis	spu	total	prec	recall	F1
152	13	0	15	30	180	0.78	0.84	0.81


Exact matching on brand
cor	inc	par	mis	spu	total	prec	recall	F1
31	0	0	22	9	53	0.78	0.58	0.67


Exact matching on group
cor	inc	par	mis	spu	total	prec	recall	F1
54	7	0	4	12	65	0.74	0.83	0.78


Exact matching on drug_n
cor	inc	par	mis	spu	total	prec	recall	F1
0	0	0	6	0	6	0	0	0


MACRO-AVERAGE MEASURES:
P	R	F1
0.57	0.57	0.56
________________________________________________________________________

