task9.1 does not follow the convention file name for the task!

Strict matching (boundaries + type)
cor	inc	par	mis	spu	total	prec	recall	F1
46	11	0	247	55	304	0.41	0.15	0.22



Exact matching
cor	inc	par	mis	spu	total	prec	recall	F1
46	11	0	247	55	304	0.41	0.15	0.22



Partial matching
cor	inc	par	mis	spu	total	prec	recall	F1
46	0	11	247	55	304	0.41	0.17	0.24



type matching
cor	inc	par	mis	spu	total	prec	recall	F1
52	5	0	247	55	304	0.46	0.17	0.25



SCORES FOR ENTITY TYPE
Exact matching on drug
cor	inc	par	mis	spu	total	prec	recall	F1
20	1	0	159	1	180	0.91	0.11	0.2


Exact matching on brand
cor	inc	par	mis	spu	total	prec	recall	F1
26	0	0	27	10	53	0.72	0.49	0.58


Exact matching on group
cor	inc	par	mis	spu	total	prec	recall	F1
0	5	0	60	5	65	0	0	0


Exact matching on drug_n
cor	inc	par	mis	spu	total	prec	recall	F1
0	0	0	6	0	6	0	0	0


MACRO-AVERAGE MEASURES:
P	R	F1
0.41	0.15	0.2
________________________________________________________________________

