task9.1 does not follow the convention file name for the task!

Strict matching (boundaries + type)
cor	inc	par	mis	spu	total	prec	recall	F1
156	13	0	135	10	304	0.87	0.51	0.65



Exact matching
cor	inc	par	mis	spu	total	prec	recall	F1
161	8	0	135	10	304	0.9	0.53	0.67



Partial matching
cor	inc	par	mis	spu	total	prec	recall	F1
161	0	8	135	10	304	0.9	0.54	0.68



type matching
cor	inc	par	mis	spu	total	prec	recall	F1
163	6	0	135	10	304	0.91	0.54	0.67



SCORES FOR ENTITY TYPE
Exact matching on drug
cor	inc	par	mis	spu	total	prec	recall	F1
98	2	0	80	3	180	0.95	0.54	0.69


Exact matching on brand
cor	inc	par	mis	spu	total	prec	recall	F1
6	0	0	47	0	53	1	0.11	0.2


Exact matching on group
cor	inc	par	mis	spu	total	prec	recall	F1
52	5	0	8	5	65	0.84	0.8	0.82


Exact matching on drug_n
cor	inc	par	mis	spu	total	prec	recall	F1
0	0	0	6	0	6	0	0	0


MACRO-AVERAGE MEASURES:
P	R	F1
0.7	0.36	0.43
________________________________________________________________________

