task9.1 does not follow the convention file name for the task!

Strict matching (boundaries + type)
cor	inc	par	mis	spu	total	prec	recall	F1
154	132	0	18	83	304	0.42	0.51	0.46



Exact matching
cor	inc	par	mis	spu	total	prec	recall	F1
259	27	0	18	83	304	0.7	0.85	0.77



Partial matching
cor	inc	par	mis	spu	total	prec	recall	F1
259	0	27	18	83	304	0.7	0.9	0.79



type matching
cor	inc	par	mis	spu	total	prec	recall	F1
166	120	0	18	83	304	0.45	0.55	0.49



SCORES FOR ENTITY TYPE
Exact matching on drug
cor	inc	par	mis	spu	total	prec	recall	F1
97	0	0	83	3	180	0.97	0.54	0.69


Exact matching on brand
cor	inc	par	mis	spu	total	prec	recall	F1
6	0	0	47	0	53	1	0.11	0.2


Exact matching on group
cor	inc	par	mis	spu	total	prec	recall	F1
50	7	0	8	5	65	0.81	0.77	0.79


Exact matching on drug_n
cor	inc	par	mis	spu	total	prec	recall	F1
1	5	0	0	12	6	0.06	0.17	0.08


MACRO-AVERAGE MEASURES:
P	R	F1
0.71	0.4	0.44
________________________________________________________________________

