task9.1 does not follow the convention file name for the task!

Strict matching (boundaries + type)
cor	inc	par	mis	spu	total	prec	recall	F1
57	99	0	148	57	304	0.27	0.19	0.22



Exact matching
cor	inc	par	mis	spu	total	prec	recall	F1
86	70	0	148	57	304	0.4	0.28	0.33



Partial matching
cor	inc	par	mis	spu	total	prec	recall	F1
86	0	70	148	57	304	0.4	0.4	0.4



type matching
cor	inc	par	mis	spu	total	prec	recall	F1
106	50	0	148	57	304	0.5	0.35	0.41



SCORES FOR ENTITY TYPE
Exact matching on drug
cor	inc	par	mis	spu	total	prec	recall	F1
42	29	0	109	5	180	0.55	0.23	0.33


Exact matching on brand
cor	inc	par	mis	spu	total	prec	recall	F1
4	9	0	40	4	53	0.24	0.08	0.11


Exact matching on group
cor	inc	par	mis	spu	total	prec	recall	F1
10	10	0	45	6	65	0.38	0.15	0.22


Exact matching on drug_n
cor	inc	par	mis	spu	total	prec	recall	F1
1	1	0	4	0	6	0.5	0.17	0.25


MACRO-AVERAGE MEASURES:
P	R	F1
0.42	0.16	0.23
________________________________________________________________________

