task9.1 does not follow the convention file name for the task!

Strict matching (boundaries + type)
cor	inc	par	mis	spu	total	prec	recall	F1
55	67	0	182	76	304	0.28	0.18	0.22



Exact matching
cor	inc	par	mis	spu	total	prec	recall	F1
102	20	0	182	76	304	0.52	0.34	0.41



Partial matching
cor	inc	par	mis	spu	total	prec	recall	F1
102	0	20	182	76	304	0.52	0.37	0.43



type matching
cor	inc	par	mis	spu	total	prec	recall	F1
66	56	0	182	76	304	0.33	0.22	0.26



SCORES FOR ENTITY TYPE
Exact matching on drug
cor	inc	par	mis	spu	total	prec	recall	F1
55	11	0	114	75	180	0.39	0.31	0.34


Exact matching on brand
cor	inc	par	mis	spu	total	prec	recall	F1
0	0	0	53	0	53	0	0	0


Exact matching on group
cor	inc	par	mis	spu	total	prec	recall	F1
0	0	0	65	0	65	0	0	0


Exact matching on drug_n
cor	inc	par	mis	spu	total	prec	recall	F1
0	0	0	6	0	6	0	0	0


MACRO-AVERAGE MEASURES:
P	R	F1
0.1	0.08	0.09
________________________________________________________________________

