task9.1 does not follow the convention file name for the task!

Strict matching (boundaries + type)
cor	inc	par	mis	spu	total	prec	recall	F1
298	94	0	294	31	686	0.7	0.43	0.54



Exact matching
cor	inc	par	mis	spu	total	prec	recall	F1
350	42	0	294	31	686	0.83	0.51	0.63



Partial matching
cor	inc	par	mis	spu	total	prec	recall	F1
350	0	42	294	31	686	0.83	0.54	0.65



type matching
cor	inc	par	mis	spu	total	prec	recall	F1
322	70	0	294	31	686	0.76	0.47	0.58



SCORES FOR ENTITY TYPE
Exact matching on drug
cor	inc	par	mis	spu	total	prec	recall	F1
234	10	0	107	25	351	0.87	0.67	0.75


Exact matching on brand
cor	inc	par	mis	spu	total	prec	recall	F1
9	0	0	50	0	59	1	0.15	0.26


Exact matching on group
cor	inc	par	mis	spu	total	prec	recall	F1
46	14	0	95	10	155	0.66	0.3	0.41


Exact matching on drug_n
cor	inc	par	mis	spu	total	prec	recall	F1
9	0	0	112	2	121	0.82	0.07	0.14


MACRO-AVERAGE MEASURES:
P	R	F1
0.84	0.3	0.39
________________________________________________________________________

