SCORES FOR the file: task9.1.txt
Gold Dataset: /All

Partial Evaluation: only detection of DDI (regadless to the type)
tp	fp	fn	total	prec	recall	F1
782	3514	197	979	0.182	0.7988	0.2965


Detection and Classification of DDI
tp	fp	fn	total	prec	recall	F1
367	3929	612	979	0.0854	0.3749	0.1391


________________________________________________________________________

SCORES FOR DDI TYPE
Scores for ddi with type mechanism
tp	fp	fn	total	prec	recall	F1
80	410	222	302	0.1633	0.2649	0.202


Scores for ddi with type effect
tp	fp	fn	total	prec	recall	F1
220	1796	140	360	0.1091	0.6111	0.1852


Scores for ddi with type advise
tp	fp	fn	total	prec	recall	F1
63	912	158	221	0.0646	0.2851	0.1054


Scores for ddi with type int
tp	fp	fn	total	prec	recall	F1
4	811	92	96	0.0049	0.0417	0.0088


MACRO-AVERAGE MEASURES:
	P	R	F1
	0.0855	0.3007	0.1331
________________________________________________________________________

