task9.1 does not follow the convention file name for the task!

Strict matching (boundaries + type)
cor	inc	par	mis	spu	total	prec	recall	F1
255	26	0	23	27	304	0.83	0.84	0.83



Exact matching
cor	inc	par	mis	spu	total	prec	recall	F1
267	14	0	23	27	304	0.87	0.88	0.87



Partial matching
cor	inc	par	mis	spu	total	prec	recall	F1
267	0	14	23	27	304	0.87	0.9	0.88



type matching
cor	inc	par	mis	spu	total	prec	recall	F1
265	16	0	23	27	304	0.86	0.87	0.87



SCORES FOR ENTITY TYPE
Exact matching on drug
cor	inc	par	mis	spu	total	prec	recall	F1
157	4	0	19	13	180	0.9	0.87	0.89


Exact matching on brand
cor	inc	par	mis	spu	total	prec	recall	F1
43	2	0	8	1	53	0.93	0.81	0.87


Exact matching on group
cor	inc	par	mis	spu	total	prec	recall	F1
55	4	0	6	8	65	0.82	0.85	0.83


Exact matching on drug_n
cor	inc	par	mis	spu	total	prec	recall	F1
0	0	0	6	0	6	0	0	0


MACRO-AVERAGE MEASURES:
P	R	F1
0.66	0.63	0.65
________________________________________________________________________

