task9.1 does not follow the convention file name for the task!

Strict matching (boundaries + type)
cor	inc	par	mis	spu	total	prec	recall	F1
219	63	0	22	92	304	0.59	0.72	0.65



Exact matching
cor	inc	par	mis	spu	total	prec	recall	F1
261	21	0	22	92	304	0.7	0.86	0.77



Partial matching
cor	inc	par	mis	spu	total	prec	recall	F1
261	0	21	22	92	304	0.7	0.89	0.78



type matching
cor	inc	par	mis	spu	total	prec	recall	F1
230	52	0	22	92	304	0.61	0.76	0.68



SCORES FOR ENTITY TYPE
Exact matching on drug
cor	inc	par	mis	spu	total	prec	recall	F1
153	7	0	20	67	180	0.67	0.85	0.75


Exact matching on brand
cor	inc	par	mis	spu	total	prec	recall	F1
19	0	0	34	0	53	1	0.36	0.53


Exact matching on group
cor	inc	par	mis	spu	total	prec	recall	F1
47	4	0	14	17	65	0.69	0.72	0.71


Exact matching on drug_n
cor	inc	par	mis	spu	total	prec	recall	F1
0	0	0	6	0	6	0	0	0


MACRO-AVERAGE MEASURES:
P	R	F1
0.59	0.48	0.5
________________________________________________________________________

