task9.1 does not follow the convention file name for the task!

Strict matching (boundaries + type)
cor	inc	par	mis	spu	total	prec	recall	F1
206	73	0	25	36	304	0.65	0.68	0.67



Exact matching
cor	inc	par	mis	spu	total	prec	recall	F1
256	23	0	25	36	304	0.81	0.84	0.83



Partial matching
cor	inc	par	mis	spu	total	prec	recall	F1
256	0	23	25	36	304	0.81	0.88	0.84



type matching
cor	inc	par	mis	spu	total	prec	recall	F1
221	58	0	25	36	304	0.7	0.73	0.71



SCORES FOR ENTITY TYPE
Exact matching on drug
cor	inc	par	mis	spu	total	prec	recall	F1
146	10	0	24	38	180	0.75	0.81	0.78


Exact matching on brand
cor	inc	par	mis	spu	total	prec	recall	F1
7	0	0	46	0	53	1	0.13	0.23


Exact matching on group
cor	inc	par	mis	spu	total	prec	recall	F1
53	5	0	7	16	65	0.72	0.82	0.76


Exact matching on drug_n
cor	inc	par	mis	spu	total	prec	recall	F1
0	0	0	6	0	6	0	0	0


MACRO-AVERAGE MEASURES:
P	R	F1
0.62	0.44	0.44
________________________________________________________________________

