task9.1 does not follow the convention file name for the task!

Strict matching (boundaries + type)
cor	inc	par	mis	spu	total	prec	recall	F1
250	29	0	25	33	304	0.8	0.82	0.81



Exact matching
cor	inc	par	mis	spu	total	prec	recall	F1
263	16	0	25	33	304	0.84	0.87	0.85



Partial matching
cor	inc	par	mis	spu	total	prec	recall	F1
263	0	16	25	33	304	0.84	0.89	0.87



type matching
cor	inc	par	mis	spu	total	prec	recall	F1
262	17	0	25	33	304	0.84	0.86	0.85



SCORES FOR ENTITY TYPE
Exact matching on drug
cor	inc	par	mis	spu	total	prec	recall	F1
158	5	0	17	13	180	0.9	0.88	0.89


Exact matching on brand
cor	inc	par	mis	spu	total	prec	recall	F1
42	1	0	10	6	53	0.86	0.79	0.82


Exact matching on group
cor	inc	par	mis	spu	total	prec	recall	F1
50	6	0	9	9	65	0.77	0.77	0.77


Exact matching on drug_n
cor	inc	par	mis	spu	total	prec	recall	F1
0	0	0	6	0	6	0	0	0


MACRO-AVERAGE MEASURES:
P	R	F1
0.63	0.61	0.62
________________________________________________________________________

