task9.1 does not follow the convention file name for the task!

Strict matching (boundaries + type)
cor	inc	par	mis	spu	total	prec	recall	F1
150	20	0	134	16	304	0.81	0.49	0.61



Exact matching
cor	inc	par	mis	spu	total	prec	recall	F1
157	13	0	134	16	304	0.84	0.52	0.64



Partial matching
cor	inc	par	mis	spu	total	prec	recall	F1
157	0	13	134	16	304	0.84	0.54	0.66



type matching
cor	inc	par	mis	spu	total	prec	recall	F1
162	8	0	134	16	304	0.87	0.53	0.66



SCORES FOR ENTITY TYPE
Exact matching on drug
cor	inc	par	mis	spu	total	prec	recall	F1
98	4	0	78	3	180	0.93	0.54	0.69


Exact matching on brand
cor	inc	par	mis	spu	total	prec	recall	F1
6	0	0	47	2	53	0.75	0.11	0.2


Exact matching on group
cor	inc	par	mis	spu	total	prec	recall	F1
46	8	0	11	7	65	0.75	0.71	0.73


Exact matching on drug_n
cor	inc	par	mis	spu	total	prec	recall	F1
0	0	0	6	0	6	0	0	0


MACRO-AVERAGE MEASURES:
P	R	F1
0.61	0.34	0.4
________________________________________________________________________

