task9.1 does not follow the convention file name for the task!

Strict matching (boundaries + type)
cor	inc	par	mis	spu	total	prec	recall	F1
215	23	0	66	16	304	0.85	0.71	0.77



Exact matching
cor	inc	par	mis	spu	total	prec	recall	F1
223	15	0	66	16	304	0.88	0.73	0.8



Partial matching
cor	inc	par	mis	spu	total	prec	recall	F1
223	0	15	66	16	304	0.88	0.76	0.81



type matching
cor	inc	par	mis	spu	total	prec	recall	F1
226	12	0	66	16	304	0.89	0.74	0.81



SCORES FOR ENTITY TYPE
Exact matching on drug
cor	inc	par	mis	spu	total	prec	recall	F1
150	7	0	23	11	180	0.89	0.83	0.86


Exact matching on brand
cor	inc	par	mis	spu	total	prec	recall	F1
13	0	0	40	3	53	0.81	0.25	0.38


Exact matching on group
cor	inc	par	mis	spu	total	prec	recall	F1
52	4	0	9	6	65	0.84	0.8	0.82


Exact matching on drug_n
cor	inc	par	mis	spu	total	prec	recall	F1
0	0	0	6	0	6	0	0	0


MACRO-AVERAGE MEASURES:
P	R	F1
0.64	0.47	0.51
________________________________________________________________________

