task9.1 does not follow the convention file name for the task!

Strict matching (boundaries + type)
cor	inc	par	mis	spu	total	prec	recall	F1
159	12	0	133	10	304	0.88	0.52	0.66



Exact matching
cor	inc	par	mis	spu	total	prec	recall	F1
163	8	0	133	10	304	0.9	0.54	0.67



Partial matching
cor	inc	par	mis	spu	total	prec	recall	F1
163	0	8	133	10	304	0.9	0.55	0.68



type matching
cor	inc	par	mis	spu	total	prec	recall	F1
164	7	0	133	10	304	0.91	0.54	0.68



SCORES FOR ENTITY TYPE
Exact matching on drug
cor	inc	par	mis	spu	total	prec	recall	F1
102	1	0	77	4	180	0.95	0.57	0.71


Exact matching on brand
cor	inc	par	mis	spu	total	prec	recall	F1
5	0	0	48	2	53	0.71	0.09	0.17


Exact matching on group
cor	inc	par	mis	spu	total	prec	recall	F1
52	4	0	9	5	65	0.85	0.8	0.83


Exact matching on drug_n
cor	inc	par	mis	spu	total	prec	recall	F1
0	0	0	6	0	6	0	0	0


MACRO-AVERAGE MEASURES:
P	R	F1
0.63	0.37	0.43
________________________________________________________________________

