task9.1 does not follow the convention file name for the task!

Strict matching (boundaries + type)
cor	inc	par	mis	spu	total	prec	recall	F1
132	25	0	147	6	304	0.81	0.43	0.57



Exact matching
cor	inc	par	mis	spu	total	prec	recall	F1
144	13	0	147	6	304	0.88	0.47	0.62



Partial matching
cor	inc	par	mis	spu	total	prec	recall	F1
144	0	13	147	6	304	0.88	0.5	0.63



type matching
cor	inc	par	mis	spu	total	prec	recall	F1
140	17	0	147	6	304	0.86	0.46	0.6



SCORES FOR ENTITY TYPE
Exact matching on drug
cor	inc	par	mis	spu	total	prec	recall	F1
93	2	0	85	10	180	0.89	0.52	0.65


Exact matching on brand
cor	inc	par	mis	spu	total	prec	recall	F1
2	0	0	51	0	53	1	0.04	0.07


Exact matching on group
cor	inc	par	mis	spu	total	prec	recall	F1
37	6	0	22	5	65	0.77	0.57	0.65


Exact matching on drug_n
cor	inc	par	mis	spu	total	prec	recall	F1
0	0	0	6	0	6	0	0	0


MACRO-AVERAGE MEASURES:
P	R	F1
0.66	0.28	0.35
________________________________________________________________________

