task9.1 does not follow the convention file name for the task!

Strict matching (boundaries + type)
cor	inc	par	mis	spu	total	prec	recall	F1
350	145	0	191	116	686	0.57	0.51	0.54



Exact matching
cor	inc	par	mis	spu	total	prec	recall	F1
452	43	0	191	116	686	0.74	0.66	0.7



Partial matching
cor	inc	par	mis	spu	total	prec	recall	F1
452	0	43	191	116	686	0.74	0.69	0.71



type matching
cor	inc	par	mis	spu	total	prec	recall	F1
377	118	0	191	116	686	0.62	0.55	0.58



SCORES FOR ENTITY TYPE
Exact matching on drug
cor	inc	par	mis	spu	total	prec	recall	F1
228	15	0	108	82	351	0.7	0.65	0.67


Exact matching on brand
cor	inc	par	mis	spu	total	prec	recall	F1
27	3	0	29	4	59	0.79	0.46	0.58


Exact matching on group
cor	inc	par	mis	spu	total	prec	recall	F1
92	9	0	54	12	155	0.81	0.59	0.69


Exact matching on drug_n
cor	inc	par	mis	spu	total	prec	recall	F1
3	1	0	117	5	121	0.33	0.02	0.05


MACRO-AVERAGE MEASURES:
P	R	F1
0.66	0.43	0.5
________________________________________________________________________

