SCORES FOR the file: task9.1.txt
Gold Dataset: /DrugBank

Partial Evaluation: only detection of DDI (regadless to the type)
tp	fp	fn	total	prec	recall	F1
884	4381	0	884	0.1679	1	0.2875


Detection and Classification of DDI
tp	fp	fn	total	prec	recall	F1
341	4924	543	884	0.0648	0.3857	0.1109


________________________________________________________________________

SCORES FOR DDI TYPE
Scores for ddi with type mechanism
tp	fp	fn	total	prec	recall	F1
91	47	187	278	0.6594	0.3273	0.4375


Scores for ddi with type effect
tp	fp	fn	total	prec	recall	F1
155	116	143	298	0.572	0.5201	0.5448


Scores for ddi with type advise
tp	fp	fn	total	prec	recall	F1
80	34	134	214	0.7018	0.3738	0.4878


Scores for ddi with type int
tp	fp	fn	total	prec	recall	F1
15	5	79	94	0.75	0.1596	0.2632


MACRO-AVERAGE MEASURES:
	P	R	F1
	0.6708	0.3452	0.4558
________________________________________________________________________

