task9.1 does not follow the convention file name for the task!

Strict matching (boundaries + type)
cor	inc	par	mis	spu	total	prec	recall	F1
60	7	0	237	6	304	0.82	0.2	0.32



Exact matching
cor	inc	par	mis	spu	total	prec	recall	F1
64	3	0	237	6	304	0.88	0.21	0.34



Partial matching
cor	inc	par	mis	spu	total	prec	recall	F1
64	0	3	237	6	304	0.88	0.22	0.35



type matching
cor	inc	par	mis	spu	total	prec	recall	F1
63	4	0	237	6	304	0.86	0.21	0.33



SCORES FOR ENTITY TYPE
Exact matching on drug
cor	inc	par	mis	spu	total	prec	recall	F1
46	2	0	132	8	180	0.82	0.26	0.39


Exact matching on brand
cor	inc	par	mis	spu	total	prec	recall	F1
4	0	0	49	0	53	1	0.08	0.14


Exact matching on group
cor	inc	par	mis	spu	total	prec	recall	F1
10	1	0	54	0	65	0.91	0.15	0.26


Exact matching on drug_n
cor	inc	par	mis	spu	total	prec	recall	F1
0	0	0	6	0	6	0	0	0


MACRO-AVERAGE MEASURES:
P	R	F1
0.68	0.12	0.2
________________________________________________________________________

