task9.1 does not follow the convention file name for the task!

Strict matching (boundaries + type)
cor	inc	par	mis	spu	total	prec	recall	F1
66	70	0	168	76	304	0.31	0.22	0.26



Exact matching
cor	inc	par	mis	spu	total	prec	recall	F1
116	20	0	168	76	304	0.55	0.38	0.45



Partial matching
cor	inc	par	mis	spu	total	prec	recall	F1
116	0	20	168	76	304	0.55	0.41	0.47



type matching
cor	inc	par	mis	spu	total	prec	recall	F1
77	59	0	168	76	304	0.36	0.25	0.3



SCORES FOR ENTITY TYPE
Exact matching on drug
cor	inc	par	mis	spu	total	prec	recall	F1
66	11	0	103	77	180	0.43	0.37	0.4


Exact matching on brand
cor	inc	par	mis	spu	total	prec	recall	F1
0	0	0	53	0	53	0	0	0


Exact matching on group
cor	inc	par	mis	spu	total	prec	recall	F1
0	0	0	65	0	65	0	0	0


Exact matching on drug_n
cor	inc	par	mis	spu	total	prec	recall	F1
0	0	0	6	0	6	0	0	0


MACRO-AVERAGE MEASURES:
P	R	F1
0.11	0.09	0.1
________________________________________________________________________

