task9.1 does not follow the convention file name for the task!

Strict matching (boundaries + type)
cor	inc	par	mis	spu	total	prec	recall	F1
213	21	0	70	17	304	0.85	0.7	0.77



Exact matching
cor	inc	par	mis	spu	total	prec	recall	F1
223	11	0	70	17	304	0.89	0.73	0.8



Partial matching
cor	inc	par	mis	spu	total	prec	recall	F1
223	0	11	70	17	304	0.89	0.75	0.81



type matching
cor	inc	par	mis	spu	total	prec	recall	F1
221	13	0	70	17	304	0.88	0.73	0.8



SCORES FOR ENTITY TYPE
Exact matching on drug
cor	inc	par	mis	spu	total	prec	recall	F1
151	4	0	25	11	180	0.91	0.84	0.87


Exact matching on brand
cor	inc	par	mis	spu	total	prec	recall	F1
12	0	0	41	1	53	0.92	0.23	0.36


Exact matching on group
cor	inc	par	mis	spu	total	prec	recall	F1
50	4	0	11	7	65	0.82	0.77	0.79


Exact matching on drug_n
cor	inc	par	mis	spu	total	prec	recall	F1
0	0	0	6	0	6	0	0	0


MACRO-AVERAGE MEASURES:
P	R	F1
0.66	0.46	0.51
________________________________________________________________________

