task9.1 does not follow the convention file name for the task!

Strict matching (boundaries + type)
cor	inc	par	mis	spu	total	prec	recall	F1
352	80	0	254	39	686	0.75	0.51	0.61



Exact matching
cor	inc	par	mis	spu	total	prec	recall	F1
401	31	0	254	39	686	0.85	0.58	0.69



Partial matching
cor	inc	par	mis	spu	total	prec	recall	F1
401	0	31	254	39	686	0.85	0.61	0.71



type matching
cor	inc	par	mis	spu	total	prec	recall	F1
365	67	0	254	39	686	0.77	0.53	0.63



SCORES FOR ENTITY TYPE
Exact matching on drug
cor	inc	par	mis	spu	total	prec	recall	F1
215	5	0	131	34	351	0.85	0.61	0.71


Exact matching on brand
cor	inc	par	mis	spu	total	prec	recall	F1
10	0	0	49	1	59	0.91	0.17	0.29


Exact matching on group
cor	inc	par	mis	spu	total	prec	recall	F1
99	7	0	49	13	155	0.83	0.64	0.72


Exact matching on drug_n
cor	inc	par	mis	spu	total	prec	recall	F1
28	3	0	90	2	121	0.85	0.23	0.36


MACRO-AVERAGE MEASURES:
P	R	F1
0.86	0.41	0.52
________________________________________________________________________

