SCORES FOR the file: task9.1.txt
Gold Dataset: /DrugBank

Partial Evaluation: only detection of DDI (regadless to the type)
tp	fp	fn	total	prec	recall	F1
884	4381	0	884	0.1679	1	0.2875


Detection and Classification of DDI
tp	fp	fn	total	prec	recall	F1
322	4943	562	884	0.0612	0.3643	0.1047


________________________________________________________________________

SCORES FOR DDI TYPE
Scores for ddi with type mechanism
tp	fp	fn	total	prec	recall	F1
92	64	186	278	0.5897	0.3309	0.424


Scores for ddi with type effect
tp	fp	fn	total	prec	recall	F1
130	114	168	298	0.5328	0.4362	0.4797


Scores for ddi with type advise
tp	fp	fn	total	prec	recall	F1
82	40	132	214	0.6721	0.3832	0.4881


Scores for ddi with type int
tp	fp	fn	total	prec	recall	F1
18	6	76	94	0.75	0.1915	0.3051


MACRO-AVERAGE MEASURES:
	P	R	F1
	0.6362	0.3355	0.4393
________________________________________________________________________

