task9.1 does not follow the convention file name for the task!

Strict matching (boundaries + type)
cor	inc	par	mis	spu	total	prec	recall	F1
144	83	0	155	88	382	0.46	0.38	0.41



Exact matching
cor	inc	par	mis	spu	total	prec	recall	F1
205	22	0	155	88	382	0.65	0.54	0.59



Partial matching
cor	inc	par	mis	spu	total	prec	recall	F1
205	0	22	155	88	382	0.65	0.57	0.61



type matching
cor	inc	par	mis	spu	total	prec	recall	F1
157	70	0	155	88	382	0.5	0.41	0.45



SCORES FOR ENTITY TYPE
Exact matching on drug
cor	inc	par	mis	spu	total	prec	recall	F1
88	5	0	78	42	171	0.65	0.51	0.58


Exact matching on brand
cor	inc	par	mis	spu	total	prec	recall	F1
0	0	0	6	0	6	0	0	0


Exact matching on group
cor	inc	par	mis	spu	total	prec	recall	F1
37	4	0	49	9	90	0.74	0.41	0.53


Exact matching on drug_n
cor	inc	par	mis	spu	total	prec	recall	F1
19	4	0	92	16	115	0.49	0.17	0.25


MACRO-AVERAGE MEASURES:
P	R	F1
0.47	0.27	0.34
________________________________________________________________________

