SCORES FOR the file: task9.1.txt
Gold Dataset: /All

Partial Evaluation: only detection of DDI (regadless to the type)
tp	fp	fn	total	prec	recall	F1
971	4727	8	979	0.1704	0.9918	0.2908


Detection and Classification of DDI
tp	fp	fn	total	prec	recall	F1
440	5258	539	979	0.0772	0.4494	0.1318


________________________________________________________________________

SCORES FOR DDI TYPE
Scores for ddi with type mechanism
tp	fp	fn	total	prec	recall	F1
80	410	222	302	0.1633	0.2649	0.202


Scores for ddi with type effect
tp	fp	fn	total	prec	recall	F1
293	3125	67	360	0.0857	0.8139	0.1551


Scores for ddi with type advise
tp	fp	fn	total	prec	recall	F1
63	912	158	221	0.0646	0.2851	0.1054


Scores for ddi with type int
tp	fp	fn	total	prec	recall	F1
4	811	92	96	0.0049	0.0417	0.0088


MACRO-AVERAGE MEASURES:
	P	R	F1
	0.0796	0.3514	0.1298
________________________________________________________________________

