task9.1 does not follow the convention file name for the task!

Strict matching (boundaries + type)
cor	inc	par	mis	spu	total	prec	recall	F1
186	69	0	49	25	304	0.66	0.61	0.64



Exact matching
cor	inc	par	mis	spu	total	prec	recall	F1
233	22	0	49	25	304	0.83	0.77	0.8



Partial matching
cor	inc	par	mis	spu	total	prec	recall	F1
233	0	22	49	25	304	0.83	0.8	0.82



type matching
cor	inc	par	mis	spu	total	prec	recall	F1
201	54	0	49	25	304	0.72	0.66	0.69



SCORES FOR ENTITY TYPE
Exact matching on drug
cor	inc	par	mis	spu	total	prec	recall	F1
139	10	0	31	39	180	0.74	0.77	0.76


Exact matching on brand
cor	inc	par	mis	spu	total	prec	recall	F1
2	0	0	51	0	53	1	0.04	0.07


Exact matching on group
cor	inc	par	mis	spu	total	prec	recall	F1
45	5	0	15	9	65	0.76	0.69	0.73


Exact matching on drug_n
cor	inc	par	mis	spu	total	prec	recall	F1
0	0	0	6	0	6	0	0	0


MACRO-AVERAGE MEASURES:
P	R	F1
0.63	0.38	0.39
________________________________________________________________________

