SCORES FOR the file: task9.1.txt
Gold Dataset: /DrugBank

Partial Evaluation: only detection of DDI (regadless to the type)
tp	fp	fn	total	prec	recall	F1
512	1632	372	884	0.2388	0.5792	0.3382


Detection and Classification of DDI
tp	fp	fn	total	prec	recall	F1
239	1905	645	884	0.1115	0.2704	0.1579


________________________________________________________________________

SCORES FOR DDI TYPE
Scores for ddi with type mechanism
tp	fp	fn	total	prec	recall	F1
65	177	213	278	0.2686	0.2338	0.25


Scores for ddi with type effect
tp	fp	fn	total	prec	recall	F1
142	742	156	298	0.1606	0.4765	0.2403


Scores for ddi with type advise
tp	fp	fn	total	prec	recall	F1
29	245	185	214	0.1058	0.1355	0.1189


Scores for ddi with type int
tp	fp	fn	total	prec	recall	F1
3	741	91	94	0.004	0.0319	0.0072


MACRO-AVERAGE MEASURES:
	P	R	F1
	0.1348	0.2194	0.167
________________________________________________________________________

