task9.1 does not follow the convention file name for the task!

Strict matching (boundaries + type)
cor	inc	par	mis	spu	total	prec	recall	F1
78	48	0	178	2	304	0.61	0.26	0.36



Exact matching
cor	inc	par	mis	spu	total	prec	recall	F1
121	5	0	178	2	304	0.95	0.4	0.56



Partial matching
cor	inc	par	mis	spu	total	prec	recall	F1
121	0	5	178	2	304	0.95	0.41	0.57



type matching
cor	inc	par	mis	spu	total	prec	recall	F1
80	46	0	178	2	304	0.62	0.26	0.37



SCORES FOR ENTITY TYPE
Exact matching on drug
cor	inc	par	mis	spu	total	prec	recall	F1
78	2	0	100	38	180	0.66	0.43	0.52


Exact matching on brand
cor	inc	par	mis	spu	total	prec	recall	F1
0	0	0	53	0	53	0	0	0


Exact matching on group
cor	inc	par	mis	spu	total	prec	recall	F1
0	0	0	65	0	65	0	0	0


Exact matching on drug_n
cor	inc	par	mis	spu	total	prec	recall	F1
0	0	0	6	0	6	0	0	0


MACRO-AVERAGE MEASURES:
P	R	F1
0.17	0.11	0.13
________________________________________________________________________

