task9.1 does not follow the convention file name for the task!

Strict matching (boundaries + type)
cor	inc	par	mis	spu	total	prec	recall	F1
358	132	0	196	135	686	0.57	0.52	0.55



Exact matching
cor	inc	par	mis	spu	total	prec	recall	F1
446	44	0	196	135	686	0.71	0.65	0.68



Partial matching
cor	inc	par	mis	spu	total	prec	recall	F1
446	0	44	196	135	686	0.71	0.68	0.7



type matching
cor	inc	par	mis	spu	total	prec	recall	F1
386	104	0	196	135	686	0.62	0.56	0.59



SCORES FOR ENTITY TYPE
Exact matching on drug
cor	inc	par	mis	spu	total	prec	recall	F1
225	13	0	113	58	351	0.76	0.64	0.7


Exact matching on brand
cor	inc	par	mis	spu	total	prec	recall	F1
24	0	0	35	3	59	0.89	0.41	0.56


Exact matching on group
cor	inc	par	mis	spu	total	prec	recall	F1
97	8	0	50	19	155	0.78	0.63	0.7


Exact matching on drug_n
cor	inc	par	mis	spu	total	prec	recall	F1
12	8	0	101	17	121	0.32	0.1	0.15


MACRO-AVERAGE MEASURES:
P	R	F1
0.69	0.44	0.53
________________________________________________________________________

