task9.1 does not follow the convention file name for the task!

Strict matching (boundaries + type)
cor	inc	par	mis	spu	total	prec	recall	F1
237	18	0	49	13	304	0.88	0.78	0.83



Exact matching
cor	inc	par	mis	spu	total	prec	recall	F1
245	10	0	49	13	304	0.91	0.81	0.86



Partial matching
cor	inc	par	mis	spu	total	prec	recall	F1
245	0	10	49	13	304	0.91	0.82	0.87



type matching
cor	inc	par	mis	spu	total	prec	recall	F1
245	10	0	49	13	304	0.91	0.81	0.86



SCORES FOR ENTITY TYPE
Exact matching on drug
cor	inc	par	mis	spu	total	prec	recall	F1
149	5	0	26	9	180	0.91	0.83	0.87


Exact matching on brand
cor	inc	par	mis	spu	total	prec	recall	F1
33	0	0	20	1	53	0.97	0.62	0.76


Exact matching on group
cor	inc	par	mis	spu	total	prec	recall	F1
55	3	0	7	3	65	0.9	0.85	0.87


Exact matching on drug_n
cor	inc	par	mis	spu	total	prec	recall	F1
0	0	0	6	0	6	0	0	0


MACRO-AVERAGE MEASURES:
P	R	F1
0.7	0.57	0.63
________________________________________________________________________

