task9.1 does not follow the convention file name for the task!

Strict matching (boundaries + type)
cor	inc	par	mis	spu	total	prec	recall	F1
423	207	0	56	394	686	0.41	0.62	0.49



Exact matching
cor	inc	par	mis	spu	total	prec	recall	F1
539	91	0	56	394	686	0.53	0.79	0.63



Partial matching
cor	inc	par	mis	spu	total	prec	recall	F1
539	0	91	56	394	686	0.53	0.85	0.65



type matching
cor	inc	par	mis	spu	total	prec	recall	F1
465	165	0	56	394	686	0.45	0.68	0.54



SCORES FOR ENTITY TYPE
Exact matching on drug
cor	inc	par	mis	spu	total	prec	recall	F1
291	22	0	38	138	351	0.65	0.83	0.73


Exact matching on brand
cor	inc	par	mis	spu	total	prec	recall	F1
32	1	0	26	7	59	0.8	0.54	0.65


Exact matching on group
cor	inc	par	mis	spu	total	prec	recall	F1
93	18	0	44	39	155	0.62	0.6	0.61


Exact matching on drug_n
cor	inc	par	mis	spu	total	prec	recall	F1
7	2	0	112	3	121	0.58	0.06	0.11


MACRO-AVERAGE MEASURES:
P	R	F1
0.66	0.51	0.52
________________________________________________________________________

