SCORES FOR the file: task9.1.txt
Gold Dataset: /DrugBank

Partial Evaluation: only detection of DDI (regadless to the type)
tp	fp	fn	total	prec	recall	F1
884	4381	0	884	0.1679	1	0.2875


Detection and Classification of DDI
tp	fp	fn	total	prec	recall	F1
359	4906	525	884	0.0682	0.4061	0.1168


________________________________________________________________________

SCORES FOR DDI TYPE
Scores for ddi with type mechanism
tp	fp	fn	total	prec	recall	F1
100	51	178	278	0.6623	0.3597	0.4662


Scores for ddi with type effect
tp	fp	fn	total	prec	recall	F1
148	111	150	298	0.5714	0.4966	0.5314


Scores for ddi with type advise
tp	fp	fn	total	prec	recall	F1
88	39	126	214	0.6929	0.4112	0.5161


Scores for ddi with type int
tp	fp	fn	total	prec	recall	F1
23	4	71	94	0.8519	0.2447	0.3802


MACRO-AVERAGE MEASURES:
	P	R	F1
	0.6946	0.3781	0.4896
________________________________________________________________________

