task9.1 does not follow the convention file name for the task!

Strict matching (boundaries + type)
cor	inc	par	mis	spu	total	prec	recall	F1
207	79	0	18	82	304	0.56	0.68	0.62



Exact matching
cor	inc	par	mis	spu	total	prec	recall	F1
257	29	0	18	82	304	0.7	0.85	0.76



Partial matching
cor	inc	par	mis	spu	total	prec	recall	F1
257	0	29	18	82	304	0.7	0.89	0.78



type matching
cor	inc	par	mis	spu	total	prec	recall	F1
225	61	0	18	82	304	0.61	0.74	0.67



SCORES FOR ENTITY TYPE
Exact matching on drug
cor	inc	par	mis	spu	total	prec	recall	F1
153	11	0	16	78	180	0.63	0.85	0.73


Exact matching on brand
cor	inc	par	mis	spu	total	prec	recall	F1
6	0	0	47	0	53	1	0.11	0.2


Exact matching on group
cor	inc	par	mis	spu	total	prec	recall	F1
48	7	0	10	5	65	0.8	0.74	0.77


Exact matching on drug_n
cor	inc	par	mis	spu	total	prec	recall	F1
0	0	0	6	0	6	0	0	0


MACRO-AVERAGE MEASURES:
P	R	F1
0.61	0.43	0.42
________________________________________________________________________

