task9.1 does not follow the convention file name for the task!

Strict matching (boundaries + type)
cor	inc	par	mis	spu	total	prec	recall	F1
130	55	0	197	39	382	0.58	0.34	0.43



Exact matching
cor	inc	par	mis	spu	total	prec	recall	F1
168	17	0	197	39	382	0.75	0.44	0.55



Partial matching
cor	inc	par	mis	spu	total	prec	recall	F1
168	0	17	197	39	382	0.75	0.46	0.57



type matching
cor	inc	par	mis	spu	total	prec	recall	F1
144	41	0	197	39	382	0.64	0.38	0.48



SCORES FOR ENTITY TYPE
Exact matching on drug
cor	inc	par	mis	spu	total	prec	recall	F1
86	2	0	83	20	171	0.8	0.5	0.62


Exact matching on brand
cor	inc	par	mis	spu	total	prec	recall	F1
0	0	0	6	0	6	0	0	0


Exact matching on group
cor	inc	par	mis	spu	total	prec	recall	F1
33	6	0	51	1	90	0.82	0.37	0.51


Exact matching on drug_n
cor	inc	par	mis	spu	total	prec	recall	F1
11	6	0	98	6	115	0.48	0.1	0.16


MACRO-AVERAGE MEASURES:
P	R	F1
0.52	0.24	0.32
________________________________________________________________________

