task9.1 does not follow the convention file name for the task!

Strict matching (boundaries + type)
cor	inc	par	mis	spu	total	prec	recall	F1
159	89	0	134	72	382	0.5	0.42	0.45



Exact matching
cor	inc	par	mis	spu	total	prec	recall	F1
211	37	0	134	72	382	0.66	0.55	0.6



Partial matching
cor	inc	par	mis	spu	total	prec	recall	F1
211	0	37	134	72	382	0.66	0.6	0.63



type matching
cor	inc	par	mis	spu	total	prec	recall	F1
173	75	0	134	72	382	0.54	0.45	0.49



SCORES FOR ENTITY TYPE
Exact matching on drug
cor	inc	par	mis	spu	total	prec	recall	F1
132	11	0	28	37	171	0.73	0.77	0.75


Exact matching on brand
cor	inc	par	mis	spu	total	prec	recall	F1
0	0	0	6	0	6	0	0	0


Exact matching on group
cor	inc	par	mis	spu	total	prec	recall	F1
21	5	0	64	0	90	0.81	0.23	0.36


Exact matching on drug_n
cor	inc	par	mis	spu	total	prec	recall	F1
6	0	0	109	5	115	0.55	0.05	0.1


MACRO-AVERAGE MEASURES:
P	R	F1
0.52	0.26	0.3
________________________________________________________________________

