SCORES FOR the file: task9.1.txt
Gold Dataset: /DrugBank

Partial Evaluation: only detection of DDI (regadless to the type)
tp	fp	fn	total	prec	recall	F1
492	962	392	884	0.3384	0.5566	0.4209


Detection and Classification of DDI
tp	fp	fn	total	prec	recall	F1
236	1218	648	884	0.1623	0.267	0.2019


________________________________________________________________________

SCORES FOR DDI TYPE
Scores for ddi with type mechanism
tp	fp	fn	total	prec	recall	F1
65	177	213	278	0.2686	0.2338	0.25


Scores for ddi with type effect
tp	fp	fn	total	prec	recall	F1
142	742	156	298	0.1606	0.4765	0.2403


Scores for ddi with type advise
tp	fp	fn	total	prec	recall	F1
29	245	185	214	0.1058	0.1355	0.1189


Scores for ddi with type int
tp	fp	fn	total	prec	recall	F1
0	54	94	94	0	0	0


MACRO-AVERAGE MEASURES:
	P	R	F1
	0.1338	0.2115	0.1639
________________________________________________________________________

