task9.1 does not follow the convention file name for the task!

Strict matching (boundaries + type)
cor	inc	par	mis	spu	total	prec	recall	F1
148	19	0	137	8	304	0.85	0.49	0.62



Exact matching
cor	inc	par	mis	spu	total	prec	recall	F1
154	13	0	137	8	304	0.88	0.51	0.64



Partial matching
cor	inc	par	mis	spu	total	prec	recall	F1
154	0	13	137	8	304	0.88	0.53	0.66



type matching
cor	inc	par	mis	spu	total	prec	recall	F1
159	8	0	137	8	304	0.91	0.52	0.66



SCORES FOR ENTITY TYPE
Exact matching on drug
cor	inc	par	mis	spu	total	prec	recall	F1
94	3	0	83	3	180	0.94	0.52	0.67


Exact matching on brand
cor	inc	par	mis	spu	total	prec	recall	F1
6	0	0	47	2	53	0.75	0.11	0.2


Exact matching on group
cor	inc	par	mis	spu	total	prec	recall	F1
48	8	0	9	6	65	0.77	0.74	0.76


Exact matching on drug_n
cor	inc	par	mis	spu	total	prec	recall	F1
0	0	0	6	0	6	0	0	0


MACRO-AVERAGE MEASURES:
P	R	F1
0.62	0.34	0.41
________________________________________________________________________

