task9.1 does not follow the convention file name for the task!

Strict matching (boundaries + type)
cor	inc	par	mis	spu	total	prec	recall	F1
228	17	0	59	14	304	0.88	0.75	0.81



Exact matching
cor	inc	par	mis	spu	total	prec	recall	F1
235	10	0	59	14	304	0.91	0.77	0.83



Partial matching
cor	inc	par	mis	spu	total	prec	recall	F1
235	0	10	59	14	304	0.91	0.79	0.84



type matching
cor	inc	par	mis	spu	total	prec	recall	F1
236	9	0	59	14	304	0.91	0.78	0.84



SCORES FOR ENTITY TYPE
Exact matching on drug
cor	inc	par	mis	spu	total	prec	recall	F1
146	5	0	29	10	180	0.91	0.81	0.86


Exact matching on brand
cor	inc	par	mis	spu	total	prec	recall	F1
27	0	0	26	1	53	0.96	0.51	0.67


Exact matching on group
cor	inc	par	mis	spu	total	prec	recall	F1
55	3	0	7	4	65	0.89	0.85	0.87


Exact matching on drug_n
cor	inc	par	mis	spu	total	prec	recall	F1
0	0	0	6	0	6	0	0	0


MACRO-AVERAGE MEASURES:
P	R	F1
0.69	0.54	0.6
________________________________________________________________________

