task9.1 does not follow the convention file name for the task!

Strict matching (boundaries + type)
cor	inc	par	mis	spu	total	prec	recall	F1
404	158	0	124	231	686	0.51	0.59	0.55



Exact matching
cor	inc	par	mis	spu	total	prec	recall	F1
490	72	0	124	231	686	0.62	0.71	0.66



Partial matching
cor	inc	par	mis	spu	total	prec	recall	F1
490	0	72	124	231	686	0.62	0.77	0.68



type matching
cor	inc	par	mis	spu	total	prec	recall	F1
439	123	0	124	231	686	0.55	0.64	0.59



SCORES FOR ENTITY TYPE
Exact matching on drug
cor	inc	par	mis	spu	total	prec	recall	F1
290	19	0	42	69	351	0.77	0.83	0.8


Exact matching on brand
cor	inc	par	mis	spu	total	prec	recall	F1
20	0	0	39	4	59	0.83	0.34	0.48


Exact matching on group
cor	inc	par	mis	spu	total	prec	recall	F1
88	18	0	49	52	155	0.56	0.57	0.56


Exact matching on drug_n
cor	inc	par	mis	spu	total	prec	recall	F1
6	0	0	115	0	121	1	0.05	0.09


MACRO-AVERAGE MEASURES:
P	R	F1
0.79	0.45	0.48
________________________________________________________________________

