task9.1 does not follow the convention file name for the task!

Strict matching (boundaries + type)
cor	inc	par	mis	spu	total	prec	recall	F1
69	21	0	214	0	304	0.77	0.23	0.35



Exact matching
cor	inc	par	mis	spu	total	prec	recall	F1
80	10	0	214	0	304	0.89	0.26	0.41



Partial matching
cor	inc	par	mis	spu	total	prec	recall	F1
80	0	10	214	0	304	0.89	0.28	0.43



type matching
cor	inc	par	mis	spu	total	prec	recall	F1
73	17	0	214	0	304	0.81	0.24	0.37



SCORES FOR ENTITY TYPE
Exact matching on drug
cor	inc	par	mis	spu	total	prec	recall	F1
56	3	0	121	9	180	0.82	0.31	0.45


Exact matching on brand
cor	inc	par	mis	spu	total	prec	recall	F1
0	0	0	53	0	53	0	0	0


Exact matching on group
cor	inc	par	mis	spu	total	prec	recall	F1
13	1	0	51	0	65	0.93	0.2	0.33


Exact matching on drug_n
cor	inc	par	mis	spu	total	prec	recall	F1
0	0	0	6	0	6	0	0	0


MACRO-AVERAGE MEASURES:
P	R	F1
0.44	0.13	0.2
________________________________________________________________________

