task9.1 does not follow the convention file name for the task!

Strict matching (boundaries + type)
cor	inc	par	mis	spu	total	prec	recall	F1
25	9	0	270	2	304	0.69	0.08	0.15



Exact matching
cor	inc	par	mis	spu	total	prec	recall	F1
27	7	0	270	2	304	0.75	0.09	0.16



Partial matching
cor	inc	par	mis	spu	total	prec	recall	F1
27	0	7	270	2	304	0.75	0.1	0.18



type matching
cor	inc	par	mis	spu	total	prec	recall	F1
32	2	0	270	2	304	0.89	0.11	0.19



SCORES FOR ENTITY TYPE
Exact matching on drug
cor	inc	par	mis	spu	total	prec	recall	F1
22	5	0	153	2	180	0.76	0.12	0.21


Exact matching on brand
cor	inc	par	mis	spu	total	prec	recall	F1
0	0	0	53	0	53	0	0	0


Exact matching on group
cor	inc	par	mis	spu	total	prec	recall	F1
3	2	0	60	1	65	0.5	0.05	0.08


Exact matching on drug_n
cor	inc	par	mis	spu	total	prec	recall	F1
0	0	0	6	0	6	0	0	0


MACRO-AVERAGE MEASURES:
P	R	F1
0.31	0.04	0.07
________________________________________________________________________

