task9.1 does not follow the convention file name for the task!

Strict matching (boundaries + type)
cor	inc	par	mis	spu	total	prec	recall	F1
146	22	0	136	16	304	0.79	0.48	0.6



Exact matching
cor	inc	par	mis	spu	total	prec	recall	F1
155	13	0	136	16	304	0.84	0.51	0.64



Partial matching
cor	inc	par	mis	spu	total	prec	recall	F1
155	0	13	136	16	304	0.84	0.53	0.65



type matching
cor	inc	par	mis	spu	total	prec	recall	F1
156	12	0	136	16	304	0.85	0.51	0.64



SCORES FOR ENTITY TYPE
Exact matching on drug
cor	inc	par	mis	spu	total	prec	recall	F1
95	3	0	82	4	180	0.93	0.53	0.67


Exact matching on brand
cor	inc	par	mis	spu	total	prec	recall	F1
6	0	0	47	5	53	0.55	0.11	0.19


Exact matching on group
cor	inc	par	mis	spu	total	prec	recall	F1
45	7	0	13	6	65	0.78	0.69	0.73


Exact matching on drug_n
cor	inc	par	mis	spu	total	prec	recall	F1
0	0	0	6	0	6	0	0	0


MACRO-AVERAGE MEASURES:
P	R	F1
0.56	0.33	0.4
________________________________________________________________________

