task9.1 does not follow the convention file name for the task!

Strict matching (boundaries + type)
cor	inc	par	mis	spu	total	prec	recall	F1
155	13	0	136	6	304	0.89	0.51	0.65



Exact matching
cor	inc	par	mis	spu	total	prec	recall	F1
159	9	0	136	6	304	0.91	0.52	0.67



Partial matching
cor	inc	par	mis	spu	total	prec	recall	F1
159	0	9	136	6	304	0.91	0.54	0.68



type matching
cor	inc	par	mis	spu	total	prec	recall	F1
162	6	0	136	6	304	0.93	0.53	0.68



SCORES FOR ENTITY TYPE
Exact matching on drug
cor	inc	par	mis	spu	total	prec	recall	F1
101	0	0	79	3	180	0.97	0.56	0.71


Exact matching on brand
cor	inc	par	mis	spu	total	prec	recall	F1
6	0	0	47	1	53	0.86	0.11	0.2


Exact matching on group
cor	inc	par	mis	spu	total	prec	recall	F1
48	7	0	10	4	65	0.81	0.74	0.77


Exact matching on drug_n
cor	inc	par	mis	spu	total	prec	recall	F1
0	0	0	6	0	6	0	0	0


MACRO-AVERAGE MEASURES:
P	R	F1
0.66	0.35	0.42
________________________________________________________________________

