SCORES FOR the file: task9.1.txt
Gold Dataset: /DrugBank

Partial Evaluation: only detection of DDI (regadless to the type)
tp	fp	fn	total	prec	recall	F1
884	4381	0	884	0.1679	1	0.2875


Detection and Classification of DDI
tp	fp	fn	total	prec	recall	F1
340	4925	544	884	0.0646	0.3846	0.1106


________________________________________________________________________

SCORES FOR DDI TYPE
Scores for ddi with type mechanism
tp	fp	fn	total	prec	recall	F1
86	65	192	278	0.5695	0.3094	0.4009


Scores for ddi with type effect
tp	fp	fn	total	prec	recall	F1
155	125	143	298	0.5536	0.5201	0.5363


Scores for ddi with type advise
tp	fp	fn	total	prec	recall	F1
81	45	133	214	0.6429	0.3785	0.4765


Scores for ddi with type int
tp	fp	fn	total	prec	recall	F1
18	4	76	94	0.8182	0.1915	0.3103


MACRO-AVERAGE MEASURES:
	P	R	F1
	0.646	0.3499	0.4539
________________________________________________________________________

