task9.1 does not follow the convention file name for the task!

Strict matching (boundaries + type)
cor	inc	par	mis	spu	total	prec	recall	F1
183	101	0	20	85	304	0.5	0.6	0.54



Exact matching
cor	inc	par	mis	spu	total	prec	recall	F1
257	27	0	20	85	304	0.7	0.85	0.76



Partial matching
cor	inc	par	mis	spu	total	prec	recall	F1
257	0	27	20	85	304	0.7	0.89	0.78



type matching
cor	inc	par	mis	spu	total	prec	recall	F1
201	83	0	20	85	304	0.54	0.66	0.6



SCORES FOR ENTITY TYPE
Exact matching on drug
cor	inc	par	mis	spu	total	prec	recall	F1
141	12	0	27	77	180	0.61	0.78	0.69


Exact matching on brand
cor	inc	par	mis	spu	total	prec	recall	F1
2	0	0	51	2	53	0.5	0.04	0.07


Exact matching on group
cor	inc	par	mis	spu	total	prec	recall	F1
40	6	0	19	10	65	0.71	0.62	0.66


Exact matching on drug_n
cor	inc	par	mis	spu	total	prec	recall	F1
0	0	0	6	0	6	0	0	0


MACRO-AVERAGE MEASURES:
P	R	F1
0.46	0.36	0.35
________________________________________________________________________

