task9.1 does not follow the convention file name for the task!

Strict matching (boundaries + type)
cor	inc	par	mis	spu	total	prec	recall	F1
218	69	0	17	47	304	0.65	0.72	0.68



Exact matching
cor	inc	par	mis	spu	total	prec	recall	F1
267	20	0	17	47	304	0.8	0.88	0.84



Partial matching
cor	inc	par	mis	spu	total	prec	recall	F1
267	0	20	17	47	304	0.8	0.91	0.85



type matching
cor	inc	par	mis	spu	total	prec	recall	F1
229	58	0	17	47	304	0.69	0.75	0.72



SCORES FOR ENTITY TYPE
Exact matching on drug
cor	inc	par	mis	spu	total	prec	recall	F1
149	2	0	29	8	180	0.94	0.83	0.88


Exact matching on brand
cor	inc	par	mis	spu	total	prec	recall	F1
13	0	0	40	0	53	1	0.25	0.39


Exact matching on group
cor	inc	par	mis	spu	total	prec	recall	F1
56	5	0	4	10	65	0.79	0.86	0.82


Exact matching on drug_n
cor	inc	par	mis	spu	total	prec	recall	F1
0	4	0	2	4	6	0	0	0


MACRO-AVERAGE MEASURES:
P	R	F1
0.68	0.48	0.52
________________________________________________________________________

