task9.1 does not follow the convention file name for the task!

Strict matching (boundaries + type)
cor	inc	par	mis	spu	total	prec	recall	F1
242	14	0	48	12	304	0.9	0.8	0.85



Exact matching
cor	inc	par	mis	spu	total	prec	recall	F1
247	9	0	48	12	304	0.92	0.81	0.86



Partial matching
cor	inc	par	mis	spu	total	prec	recall	F1
247	0	9	48	12	304	0.92	0.83	0.87



type matching
cor	inc	par	mis	spu	total	prec	recall	F1
250	6	0	48	12	304	0.93	0.82	0.87



SCORES FOR ENTITY TYPE
Exact matching on drug
cor	inc	par	mis	spu	total	prec	recall	F1
158	5	0	17	6	180	0.93	0.88	0.91


Exact matching on brand
cor	inc	par	mis	spu	total	prec	recall	F1
29	0	0	24	1	53	0.97	0.55	0.7


Exact matching on group
cor	inc	par	mis	spu	total	prec	recall	F1
55	3	0	7	4	65	0.89	0.85	0.87


Exact matching on drug_n
cor	inc	par	mis	spu	total	prec	recall	F1
0	0	0	6	0	6	0	0	0


MACRO-AVERAGE MEASURES:
P	R	F1
0.7	0.57	0.62
________________________________________________________________________

