task9.1 does not follow the convention file name for the task!

Strict matching (boundaries + type)
cor	inc	par	mis	spu	total	prec	recall	F1
258	19	0	27	22	304	0.86	0.85	0.86



Exact matching
cor	inc	par	mis	spu	total	prec	recall	F1
263	14	0	27	22	304	0.88	0.87	0.87



Partial matching
cor	inc	par	mis	spu	total	prec	recall	F1
263	0	14	27	22	304	0.88	0.89	0.88



type matching
cor	inc	par	mis	spu	total	prec	recall	F1
265	12	0	27	22	304	0.89	0.87	0.88



SCORES FOR ENTITY TYPE
Exact matching on drug
cor	inc	par	mis	spu	total	prec	recall	F1
159	3	0	18	6	180	0.95	0.88	0.91


Exact matching on brand
cor	inc	par	mis	spu	total	prec	recall	F1
44	2	0	7	5	53	0.86	0.83	0.85


Exact matching on group
cor	inc	par	mis	spu	total	prec	recall	F1
55	2	0	8	8	65	0.85	0.85	0.85


Exact matching on drug_n
cor	inc	par	mis	spu	total	prec	recall	F1
0	0	0	6	0	6	0	0	0


MACRO-AVERAGE MEASURES:
P	R	F1
0.66	0.64	0.65
________________________________________________________________________

