task9.1 does not follow the convention file name for the task!

Strict matching (boundaries + type)
cor	inc	par	mis	spu	total	prec	recall	F1
363	120	0	203	200	686	0.53	0.53	0.53



Exact matching
cor	inc	par	mis	spu	total	prec	recall	F1
434	49	0	203	200	686	0.64	0.63	0.63



Partial matching
cor	inc	par	mis	spu	total	prec	recall	F1
434	0	49	203	200	686	0.64	0.67	0.65



type matching
cor	inc	par	mis	spu	total	prec	recall	F1
377	106	0	203	200	686	0.55	0.55	0.55



SCORES FOR ENTITY TYPE
Exact matching on drug
cor	inc	par	mis	spu	total	prec	recall	F1
213	6	0	132	27	351	0.87	0.61	0.71


Exact matching on brand
cor	inc	par	mis	spu	total	prec	recall	F1
37	0	0	22	13	59	0.74	0.63	0.68


Exact matching on group
cor	inc	par	mis	spu	total	prec	recall	F1
100	5	0	50	11	155	0.86	0.65	0.74


Exact matching on drug_n
cor	inc	par	mis	spu	total	prec	recall	F1
13	5	0	103	4	121	0.59	0.11	0.18


MACRO-AVERAGE MEASURES:
P	R	F1
0.76	0.5	0.58
________________________________________________________________________

