task9.1 does not follow the convention file name for the task!

Strict matching (boundaries + type)
cor	inc	par	mis	spu	total	prec	recall	F1
330	142	0	214	194	686	0.5	0.48	0.49



Exact matching
cor	inc	par	mis	spu	total	prec	recall	F1
421	51	0	214	194	686	0.63	0.61	0.62



Partial matching
cor	inc	par	mis	spu	total	prec	recall	F1
421	0	51	214	194	686	0.63	0.65	0.64



type matching
cor	inc	par	mis	spu	total	prec	recall	F1
358	114	0	214	194	686	0.54	0.52	0.53



SCORES FOR ENTITY TYPE
Exact matching on drug
cor	inc	par	mis	spu	total	prec	recall	F1
207	4	0	140	22	351	0.89	0.59	0.71


Exact matching on brand
cor	inc	par	mis	spu	total	prec	recall	F1
10	0	0	49	3	59	0.77	0.17	0.28


Exact matching on group
cor	inc	par	mis	spu	total	prec	recall	F1
89	10	0	56	12	155	0.8	0.57	0.67


Exact matching on drug_n
cor	inc	par	mis	spu	total	prec	recall	F1
24	17	0	80	57	121	0.24	0.2	0.22


MACRO-AVERAGE MEASURES:
P	R	F1
0.68	0.38	0.47
________________________________________________________________________

