task9.1 does not follow the convention file name for the task!

Strict matching (boundaries + type)
cor	inc	par	mis	spu	total	prec	recall	F1
132	97	0	153	197	382	0.31	0.35	0.33



Exact matching
cor	inc	par	mis	spu	total	prec	recall	F1
188	41	0	153	197	382	0.44	0.49	0.47



Partial matching
cor	inc	par	mis	spu	total	prec	recall	F1
188	0	41	153	197	382	0.44	0.55	0.49



type matching
cor	inc	par	mis	spu	total	prec	recall	F1
140	89	0	153	197	382	0.33	0.37	0.35



SCORES FOR ENTITY TYPE
Exact matching on drug
cor	inc	par	mis	spu	total	prec	recall	F1
132	8	0	31	62	171	0.65	0.77	0.71


Exact matching on brand
cor	inc	par	mis	spu	total	prec	recall	F1
0	0	0	6	4	6	0	0	0


Exact matching on group
cor	inc	par	mis	spu	total	prec	recall	F1
0	0	0	90	7	90	0	0	0


Exact matching on drug_n
cor	inc	par	mis	spu	total	prec	recall	F1
0	0	0	115	0	115	0	0	0


MACRO-AVERAGE MEASURES:
P	R	F1
0.16	0.19	0.18
________________________________________________________________________

