task9.1 does not follow the convention file name for the task!

Strict matching (boundaries + type)
cor	inc	par	mis	spu	total	prec	recall	F1
435	83	0	168	34	686	0.79	0.63	0.7



Exact matching
cor	inc	par	mis	spu	total	prec	recall	F1
493	25	0	168	34	686	0.89	0.72	0.8



Partial matching
cor	inc	par	mis	spu	total	prec	recall	F1
493	0	25	168	34	686	0.89	0.74	0.81



type matching
cor	inc	par	mis	spu	total	prec	recall	F1
447	71	0	168	34	686	0.81	0.65	0.72



SCORES FOR ENTITY TYPE
Exact matching on drug
cor	inc	par	mis	spu	total	prec	recall	F1
288	7	0	56	26	351	0.9	0.82	0.86


Exact matching on brand
cor	inc	par	mis	spu	total	prec	recall	F1
25	0	0	34	2	59	0.93	0.42	0.58


Exact matching on group
cor	inc	par	mis	spu	total	prec	recall	F1
114	7	0	34	6	155	0.9	0.74	0.81


Exact matching on drug_n
cor	inc	par	mis	spu	total	prec	recall	F1
8	0	0	113	0	121	1	0.07	0.12


MACRO-AVERAGE MEASURES:
P	R	F1
0.93	0.51	0.59
________________________________________________________________________

