task9.1 does not follow the convention file name for the task!

Strict matching (boundaries + type)
cor	inc	par	mis	spu	total	prec	recall	F1
208	76	0	20	81	304	0.57	0.68	0.62



Exact matching
cor	inc	par	mis	spu	total	prec	recall	F1
259	25	0	20	81	304	0.71	0.85	0.77



Partial matching
cor	inc	par	mis	spu	total	prec	recall	F1
259	0	25	20	81	304	0.71	0.89	0.79



type matching
cor	inc	par	mis	spu	total	prec	recall	F1
221	63	0	20	81	304	0.61	0.73	0.66



SCORES FOR ENTITY TYPE
Exact matching on drug
cor	inc	par	mis	spu	total	prec	recall	F1
157	10	0	13	79	180	0.64	0.87	0.74


Exact matching on brand
cor	inc	par	mis	spu	total	prec	recall	F1
6	0	0	47	1	53	0.86	0.11	0.2


Exact matching on group
cor	inc	par	mis	spu	total	prec	recall	F1
45	3	0	17	3	65	0.88	0.69	0.78


Exact matching on drug_n
cor	inc	par	mis	spu	total	prec	recall	F1
0	0	0	6	0	6	0	0	0


MACRO-AVERAGE MEASURES:
P	R	F1
0.59	0.42	0.43
________________________________________________________________________

