task9.1 does not follow the convention file name for the task!

Strict matching (boundaries + type)
cor	inc	par	mis	spu	total	prec	recall	F1
208	69	0	27	40	304	0.66	0.68	0.67



Exact matching
cor	inc	par	mis	spu	total	prec	recall	F1
256	21	0	27	40	304	0.81	0.84	0.82



Partial matching
cor	inc	par	mis	spu	total	prec	recall	F1
256	0	21	27	40	304	0.81	0.88	0.84



type matching
cor	inc	par	mis	spu	total	prec	recall	F1
220	57	0	27	40	304	0.69	0.72	0.71



SCORES FOR ENTITY TYPE
Exact matching on drug
cor	inc	par	mis	spu	total	prec	recall	F1
146	5	0	29	7	180	0.92	0.81	0.86


Exact matching on brand
cor	inc	par	mis	spu	total	prec	recall	F1
12	0	0	41	2	53	0.86	0.23	0.36


Exact matching on group
cor	inc	par	mis	spu	total	prec	recall	F1
50	3	0	12	3	65	0.89	0.77	0.83


Exact matching on drug_n
cor	inc	par	mis	spu	total	prec	recall	F1
0	4	0	2	4	6	0	0	0


MACRO-AVERAGE MEASURES:
P	R	F1
0.67	0.45	0.51
________________________________________________________________________

