task9.1 does not follow the convention file name for the task!

Strict matching (boundaries + type)
cor	inc	par	mis	spu	total	prec	recall	F1
244	39	0	21	44	304	0.75	0.8	0.77



Exact matching
cor	inc	par	mis	spu	total	prec	recall	F1
263	20	0	21	44	304	0.8	0.87	0.83



Partial matching
cor	inc	par	mis	spu	total	prec	recall	F1
263	0	20	21	44	304	0.8	0.9	0.85



type matching
cor	inc	par	mis	spu	total	prec	recall	F1
254	29	0	21	44	304	0.78	0.84	0.81



SCORES FOR ENTITY TYPE
Exact matching on drug
cor	inc	par	mis	spu	total	prec	recall	F1
142	3	0	35	9	180	0.92	0.79	0.85


Exact matching on brand
cor	inc	par	mis	spu	total	prec	recall	F1
47	1	0	5	15	53	0.75	0.89	0.81


Exact matching on group
cor	inc	par	mis	spu	total	prec	recall	F1
55	6	0	4	8	65	0.8	0.85	0.82


Exact matching on drug_n
cor	inc	par	mis	spu	total	prec	recall	F1
0	0	0	6	0	6	0	0	0


MACRO-AVERAGE MEASURES:
P	R	F1
0.62	0.63	0.62
________________________________________________________________________

