task9.1 does not follow the convention file name for the task!

Strict matching (boundaries + type)
cor	inc	par	mis	spu	total	prec	recall	F1
226	51	0	27	30	304	0.74	0.74	0.74



Exact matching
cor	inc	par	mis	spu	total	prec	recall	F1
260	17	0	27	30	304	0.85	0.86	0.85



Partial matching
cor	inc	par	mis	spu	total	prec	recall	F1
260	0	17	27	30	304	0.85	0.88	0.86



type matching
cor	inc	par	mis	spu	total	prec	recall	F1
237	40	0	27	30	304	0.77	0.78	0.78



SCORES FOR ENTITY TYPE
Exact matching on drug
cor	inc	par	mis	spu	total	prec	recall	F1
154	4	0	22	38	180	0.79	0.86	0.82


Exact matching on brand
cor	inc	par	mis	spu	total	prec	recall	F1
22	0	0	31	2	53	0.92	0.42	0.57


Exact matching on group
cor	inc	par	mis	spu	total	prec	recall	F1
50	7	0	8	6	65	0.79	0.77	0.78


Exact matching on drug_n
cor	inc	par	mis	spu	total	prec	recall	F1
0	0	0	6	0	6	0	0	0


MACRO-AVERAGE MEASURES:
P	R	F1
0.62	0.51	0.54
________________________________________________________________________

