task9.1 does not follow the convention file name for the task!

Strict matching (boundaries + type)
cor	inc	par	mis	spu	total	prec	recall	F1
107	24	0	173	63	304	0.55	0.35	0.43



Exact matching
cor	inc	par	mis	spu	total	prec	recall	F1
109	22	0	173	63	304	0.56	0.36	0.44



Partial matching
cor	inc	par	mis	spu	total	prec	recall	F1
109	0	22	173	63	304	0.56	0.39	0.46



type matching
cor	inc	par	mis	spu	total	prec	recall	F1
119	12	0	173	63	304	0.61	0.39	0.48



SCORES FOR ENTITY TYPE
Exact matching on drug
cor	inc	par	mis	spu	total	prec	recall	F1
62	10	0	108	13	180	0.73	0.34	0.47


Exact matching on brand
cor	inc	par	mis	spu	total	prec	recall	F1
30	0	0	23	10	53	0.75	0.57	0.65


Exact matching on group
cor	inc	par	mis	spu	total	prec	recall	F1
15	2	0	48	1	65	0.83	0.23	0.36


Exact matching on drug_n
cor	inc	par	mis	spu	total	prec	recall	F1
0	0	0	6	0	6	0	0	0


MACRO-AVERAGE MEASURES:
P	R	F1
0.58	0.29	0.37
________________________________________________________________________

