task9.1 does not follow the convention file name for the task!

Strict matching (boundaries + type)
cor	inc	par	mis	spu	total	prec	recall	F1
144	113	0	125	234	382	0.29	0.38	0.33



Exact matching
cor	inc	par	mis	spu	total	prec	recall	F1
209	48	0	125	234	382	0.43	0.55	0.48



Partial matching
cor	inc	par	mis	spu	total	prec	recall	F1
209	0	48	125	234	382	0.43	0.61	0.5



type matching
cor	inc	par	mis	spu	total	prec	recall	F1
174	83	0	125	234	382	0.35	0.46	0.4



SCORES FOR ENTITY TYPE
Exact matching on drug
cor	inc	par	mis	spu	total	prec	recall	F1
101	16	0	54	136	171	0.4	0.59	0.48


Exact matching on brand
cor	inc	par	mis	spu	total	prec	recall	F1
0	0	0	6	0	6	0	0	0


Exact matching on group
cor	inc	par	mis	spu	total	prec	recall	F1
33	6	0	51	3	90	0.79	0.37	0.5


Exact matching on drug_n
cor	inc	par	mis	spu	total	prec	recall	F1
10	10	0	95	4	115	0.42	0.09	0.14


MACRO-AVERAGE MEASURES:
P	R	F1
0.4	0.26	0.28
________________________________________________________________________

