task9.1 does not follow the convention file name for the task!

Strict matching (boundaries + type)
cor	inc	par	mis	spu	total	prec	recall	F1
207	25	0	72	11	304	0.85	0.68	0.76



Exact matching
cor	inc	par	mis	spu	total	prec	recall	F1
218	14	0	72	11	304	0.9	0.72	0.8



Partial matching
cor	inc	par	mis	spu	total	prec	recall	F1
218	0	14	72	11	304	0.9	0.74	0.81



type matching
cor	inc	par	mis	spu	total	prec	recall	F1
217	15	0	72	11	304	0.89	0.71	0.79



SCORES FOR ENTITY TYPE
Exact matching on drug
cor	inc	par	mis	spu	total	prec	recall	F1
147	4	0	29	11	180	0.91	0.82	0.86


Exact matching on brand
cor	inc	par	mis	spu	total	prec	recall	F1
10	0	0	43	1	53	0.91	0.19	0.31


Exact matching on group
cor	inc	par	mis	spu	total	prec	recall	F1
50	6	0	9	6	65	0.81	0.77	0.79


Exact matching on drug_n
cor	inc	par	mis	spu	total	prec	recall	F1
0	0	0	6	0	6	0	0	0


MACRO-AVERAGE MEASURES:
P	R	F1
0.66	0.44	0.49
________________________________________________________________________

