task9.1 does not follow the convention file name for the task!

Strict matching (boundaries + type)
cor	inc	par	mis	spu	total	prec	recall	F1
96	45	0	163	8	304	0.64	0.32	0.42



Exact matching
cor	inc	par	mis	spu	total	prec	recall	F1
131	10	0	163	8	304	0.88	0.43	0.58



Partial matching
cor	inc	par	mis	spu	total	prec	recall	F1
131	0	10	163	8	304	0.88	0.45	0.59



type matching
cor	inc	par	mis	spu	total	prec	recall	F1
101	40	0	163	8	304	0.68	0.33	0.45



SCORES FOR ENTITY TYPE
Exact matching on drug
cor	inc	par	mis	spu	total	prec	recall	F1
71	2	0	107	26	180	0.72	0.39	0.51


Exact matching on brand
cor	inc	par	mis	spu	total	prec	recall	F1
0	0	0	53	0	53	0	0	0


Exact matching on group
cor	inc	par	mis	spu	total	prec	recall	F1
25	4	0	36	10	65	0.64	0.38	0.48


Exact matching on drug_n
cor	inc	par	mis	spu	total	prec	recall	F1
0	0	0	6	0	6	0	0	0


MACRO-AVERAGE MEASURES:
P	R	F1
0.34	0.19	0.25
________________________________________________________________________

