task9.1 does not follow the convention file name for the task!

Strict matching (boundaries + type)
cor	inc	par	mis	spu	total	prec	recall	F1
222	57	0	25	78	304	0.62	0.73	0.67



Exact matching
cor	inc	par	mis	spu	total	prec	recall	F1
259	20	0	25	78	304	0.73	0.85	0.78



Partial matching
cor	inc	par	mis	spu	total	prec	recall	F1
259	0	20	25	78	304	0.73	0.88	0.8



type matching
cor	inc	par	mis	spu	total	prec	recall	F1
232	47	0	25	78	304	0.65	0.76	0.7



SCORES FOR ENTITY TYPE
Exact matching on drug
cor	inc	par	mis	spu	total	prec	recall	F1
158	6	0	16	64	180	0.69	0.88	0.77


Exact matching on brand
cor	inc	par	mis	spu	total	prec	recall	F1
18	0	0	35	0	53	1	0.34	0.51


Exact matching on group
cor	inc	par	mis	spu	total	prec	recall	F1
46	4	0	15	14	65	0.72	0.71	0.71


Exact matching on drug_n
cor	inc	par	mis	spu	total	prec	recall	F1
0	0	0	6	0	6	0	0	0


MACRO-AVERAGE MEASURES:
P	R	F1
0.6	0.48	0.5
________________________________________________________________________

