task9.1 does not follow the convention file name for the task!

Strict matching (boundaries + type)
cor	inc	par	mis	spu	total	prec	recall	F1
124	41	0	139	13	304	0.7	0.41	0.51



Exact matching
cor	inc	par	mis	spu	total	prec	recall	F1
154	11	0	139	13	304	0.87	0.51	0.64



Partial matching
cor	inc	par	mis	spu	total	prec	recall	F1
154	0	11	139	13	304	0.87	0.52	0.65



type matching
cor	inc	par	mis	spu	total	prec	recall	F1
134	31	0	139	13	304	0.75	0.44	0.56



SCORES FOR ENTITY TYPE
Exact matching on drug
cor	inc	par	mis	spu	total	prec	recall	F1
77	3	0	100	2	180	0.94	0.43	0.59


Exact matching on brand
cor	inc	par	mis	spu	total	prec	recall	F1
2	0	0	51	1	53	0.67	0.04	0.07


Exact matching on group
cor	inc	par	mis	spu	total	prec	recall	F1
45	7	0	13	18	65	0.64	0.69	0.67


Exact matching on drug_n
cor	inc	par	mis	spu	total	prec	recall	F1
0	0	0	6	0	6	0	0	0


MACRO-AVERAGE MEASURES:
P	R	F1
0.56	0.29	0.33
________________________________________________________________________

