task9.1 does not follow the convention file name for the task!

Strict matching (boundaries + type)
cor	inc	par	mis	spu	total	prec	recall	F1
216	18	0	70	16	304	0.86	0.71	0.78



Exact matching
cor	inc	par	mis	spu	total	prec	recall	F1
226	8	0	70	16	304	0.9	0.74	0.82



Partial matching
cor	inc	par	mis	spu	total	prec	recall	F1
226	0	8	70	16	304	0.9	0.76	0.82



type matching
cor	inc	par	mis	spu	total	prec	recall	F1
221	13	0	70	16	304	0.88	0.73	0.8



SCORES FOR ENTITY TYPE
Exact matching on drug
cor	inc	par	mis	spu	total	prec	recall	F1
152	2	0	26	13	180	0.91	0.84	0.88


Exact matching on brand
cor	inc	par	mis	spu	total	prec	recall	F1
9	0	0	44	1	53	0.9	0.17	0.29


Exact matching on group
cor	inc	par	mis	spu	total	prec	recall	F1
55	3	0	7	8	65	0.83	0.85	0.84


Exact matching on drug_n
cor	inc	par	mis	spu	total	prec	recall	F1
0	0	0	6	0	6	0	0	0


MACRO-AVERAGE MEASURES:
P	R	F1
0.66	0.47	0.5
________________________________________________________________________

