task9.1 does not follow the convention file name for the task!

Strict matching (boundaries + type)
cor	inc	par	mis	spu	total	prec	recall	F1
204	65	0	35	22	304	0.7	0.67	0.69



Exact matching
cor	inc	par	mis	spu	total	prec	recall	F1
250	19	0	35	22	304	0.86	0.82	0.84



Partial matching
cor	inc	par	mis	spu	total	prec	recall	F1
250	0	19	35	22	304	0.86	0.85	0.86



type matching
cor	inc	par	mis	spu	total	prec	recall	F1
219	50	0	35	22	304	0.75	0.72	0.74



SCORES FOR ENTITY TYPE
Exact matching on drug
cor	inc	par	mis	spu	total	prec	recall	F1
148	10	0	22	37	180	0.76	0.82	0.79


Exact matching on brand
cor	inc	par	mis	spu	total	prec	recall	F1
10	0	0	43	0	53	1	0.19	0.32


Exact matching on group
cor	inc	par	mis	spu	total	prec	recall	F1
46	5	0	14	8	65	0.78	0.71	0.74


Exact matching on drug_n
cor	inc	par	mis	spu	total	prec	recall	F1
0	0	0	6	0	6	0	0	0


MACRO-AVERAGE MEASURES:
P	R	F1
0.63	0.43	0.46
________________________________________________________________________

