task9.1 does not follow the convention file name for the task!

Strict matching (boundaries + type)
cor	inc	par	mis	spu	total	prec	recall	F1
326	81	0	279	29	686	0.75	0.48	0.58



Exact matching
cor	inc	par	mis	spu	total	prec	recall	F1
380	27	0	279	29	686	0.87	0.55	0.68



Partial matching
cor	inc	par	mis	spu	total	prec	recall	F1
380	0	27	279	29	686	0.87	0.57	0.69



type matching
cor	inc	par	mis	spu	total	prec	recall	F1
342	65	0	279	29	686	0.78	0.5	0.61



SCORES FOR ENTITY TYPE
Exact matching on drug
cor	inc	par	mis	spu	total	prec	recall	F1
217	5	0	129	36	351	0.84	0.62	0.71


Exact matching on brand
cor	inc	par	mis	spu	total	prec	recall	F1
10	0	0	49	1	59	0.91	0.17	0.29


Exact matching on group
cor	inc	par	mis	spu	total	prec	recall	F1
89	7	0	59	11	155	0.83	0.57	0.68


Exact matching on drug_n
cor	inc	par	mis	spu	total	prec	recall	F1
10	5	0	106	0	121	0.67	0.08	0.15


MACRO-AVERAGE MEASURES:
P	R	F1
0.81	0.36	0.46
________________________________________________________________________

