task9.1 does not follow the convention file name for the task!

Strict matching (boundaries + type)
cor	inc	par	mis	spu	total	prec	recall	F1
172	76	0	56	44	304	0.59	0.57	0.58



Exact matching
cor	inc	par	mis	spu	total	prec	recall	F1
214	34	0	56	44	304	0.73	0.7	0.72



Partial matching
cor	inc	par	mis	spu	total	prec	recall	F1
214	0	34	56	44	304	0.73	0.76	0.75



type matching
cor	inc	par	mis	spu	total	prec	recall	F1
183	65	0	56	44	304	0.63	0.6	0.61



SCORES FOR ENTITY TYPE
Exact matching on drug
cor	inc	par	mis	spu	total	prec	recall	F1
138	10	0	32	41	180	0.73	0.77	0.75


Exact matching on brand
cor	inc	par	mis	spu	total	prec	recall	F1
34	1	0	18	16	53	0.67	0.64	0.65


Exact matching on group
cor	inc	par	mis	spu	total	prec	recall	F1
0	0	0	65	0	65	0	0	0


Exact matching on drug_n
cor	inc	par	mis	spu	total	prec	recall	F1
0	0	0	6	0	6	0	0	0


MACRO-AVERAGE MEASURES:
P	R	F1
0.35	0.35	0.35
________________________________________________________________________

