task9.1 does not follow the convention file name for the task!

Strict matching (boundaries + type)
cor	inc	par	mis	spu	total	prec	recall	F1
252	28	0	24	23	304	0.83	0.83	0.83



Exact matching
cor	inc	par	mis	spu	total	prec	recall	F1
259	21	0	24	23	304	0.85	0.85	0.85



Partial matching
cor	inc	par	mis	spu	total	prec	recall	F1
259	0	21	24	23	304	0.85	0.89	0.87



type matching
cor	inc	par	mis	spu	total	prec	recall	F1
267	13	0	24	23	304	0.88	0.88	0.88



SCORES FOR ENTITY TYPE
Exact matching on drug
cor	inc	par	mis	spu	total	prec	recall	F1
155	4	0	21	6	180	0.94	0.86	0.9


Exact matching on brand
cor	inc	par	mis	spu	total	prec	recall	F1
43	4	0	6	3	53	0.86	0.81	0.83


Exact matching on group
cor	inc	par	mis	spu	total	prec	recall	F1
54	7	0	4	11	65	0.75	0.83	0.79


Exact matching on drug_n
cor	inc	par	mis	spu	total	prec	recall	F1
0	0	0	6	0	6	0	0	0


MACRO-AVERAGE MEASURES:
P	R	F1
0.64	0.63	0.63
________________________________________________________________________

