task9.1 does not follow the convention file name for the task!

Strict matching (boundaries + type)
cor	inc	par	mis	spu	total	prec	recall	F1
192	27	0	85	67	304	0.67	0.63	0.65



Exact matching
cor	inc	par	mis	spu	total	prec	recall	F1
194	25	0	85	67	304	0.68	0.64	0.66



Partial matching
cor	inc	par	mis	spu	total	prec	recall	F1
194	0	25	85	67	304	0.68	0.68	0.68



type matching
cor	inc	par	mis	spu	total	prec	recall	F1
207	12	0	85	67	304	0.72	0.68	0.7



SCORES FOR ENTITY TYPE
Exact matching on drug
cor	inc	par	mis	spu	total	prec	recall	F1
147	13	0	20	16	180	0.84	0.82	0.83


Exact matching on brand
cor	inc	par	mis	spu	total	prec	recall	F1
30	0	0	23	10	53	0.75	0.57	0.65


Exact matching on group
cor	inc	par	mis	spu	total	prec	recall	F1
15	2	0	48	1	65	0.83	0.23	0.36


Exact matching on drug_n
cor	inc	par	mis	spu	total	prec	recall	F1
0	0	0	6	0	6	0	0	0


MACRO-AVERAGE MEASURES:
P	R	F1
0.6	0.4	0.46
________________________________________________________________________

