task9.1 does not follow the convention file name for the task!

Strict matching (boundaries + type)
cor	inc	par	mis	spu	total	prec	recall	F1
68	32	0	204	1	304	0.67	0.22	0.34



Exact matching
cor	inc	par	mis	spu	total	prec	recall	F1
93	7	0	204	1	304	0.92	0.31	0.46



Partial matching
cor	inc	par	mis	spu	total	prec	recall	F1
93	0	7	204	1	304	0.92	0.32	0.47



type matching
cor	inc	par	mis	spu	total	prec	recall	F1
71	29	0	204	1	304	0.7	0.23	0.35



SCORES FOR ENTITY TYPE
Exact matching on drug
cor	inc	par	mis	spu	total	prec	recall	F1
57	2	0	121	16	180	0.76	0.32	0.45


Exact matching on brand
cor	inc	par	mis	spu	total	prec	recall	F1
0	0	0	53	0	53	0	0	0


Exact matching on group
cor	inc	par	mis	spu	total	prec	recall	F1
11	2	0	52	5	65	0.61	0.17	0.27


Exact matching on drug_n
cor	inc	par	mis	spu	total	prec	recall	F1
0	0	0	6	0	6	0	0	0


MACRO-AVERAGE MEASURES:
P	R	F1
0.34	0.12	0.18
________________________________________________________________________

