task9.1 does not follow the convention file name for the task!

Strict matching (boundaries + type)
cor	inc	par	mis	spu	total	prec	recall	F1
195	58	0	51	18	304	0.72	0.64	0.68



Exact matching
cor	inc	par	mis	spu	total	prec	recall	F1
240	13	0	51	18	304	0.89	0.79	0.83



Partial matching
cor	inc	par	mis	spu	total	prec	recall	F1
240	0	13	51	18	304	0.89	0.81	0.85



type matching
cor	inc	par	mis	spu	total	prec	recall	F1
205	48	0	51	18	304	0.76	0.67	0.71



SCORES FOR ENTITY TYPE
Exact matching on drug
cor	inc	par	mis	spu	total	prec	recall	F1
145	7	0	28	35	180	0.78	0.81	0.79


Exact matching on brand
cor	inc	par	mis	spu	total	prec	recall	F1
5	0	0	48	0	53	1	0.09	0.17


Exact matching on group
cor	inc	par	mis	spu	total	prec	recall	F1
45	3	0	17	6	65	0.83	0.69	0.76


Exact matching on drug_n
cor	inc	par	mis	spu	total	prec	recall	F1
0	0	0	6	0	6	0	0	0


MACRO-AVERAGE MEASURES:
P	R	F1
0.65	0.4	0.43
________________________________________________________________________

