task9.1 does not follow the convention file name for the task!

Strict matching (boundaries + type)
cor	inc	par	mis	spu	total	prec	recall	F1
213	53	0	38	22	304	0.74	0.7	0.72



Exact matching
cor	inc	par	mis	spu	total	prec	recall	F1
253	13	0	38	22	304	0.88	0.83	0.85



Partial matching
cor	inc	par	mis	spu	total	prec	recall	F1
253	0	13	38	22	304	0.88	0.85	0.87



type matching
cor	inc	par	mis	spu	total	prec	recall	F1
222	44	0	38	22	304	0.77	0.73	0.75



SCORES FOR ENTITY TYPE
Exact matching on drug
cor	inc	par	mis	spu	total	prec	recall	F1
148	4	0	28	31	180	0.81	0.82	0.82


Exact matching on brand
cor	inc	par	mis	spu	total	prec	recall	F1
15	0	0	38	0	53	1	0.28	0.44


Exact matching on group
cor	inc	par	mis	spu	total	prec	recall	F1
50	5	0	10	7	65	0.81	0.77	0.79


Exact matching on drug_n
cor	inc	par	mis	spu	total	prec	recall	F1
0	0	0	6	0	6	0	0	0


MACRO-AVERAGE MEASURES:
P	R	F1
0.65	0.47	0.51
________________________________________________________________________

