task9.1 does not follow the convention file name for the task!

Strict matching (boundaries + type)
cor	inc	par	mis	spu	total	prec	recall	F1
150	107	0	47	81	304	0.44	0.49	0.47



Exact matching
cor	inc	par	mis	spu	total	prec	recall	F1
223	34	0	47	81	304	0.66	0.73	0.69



Partial matching
cor	inc	par	mis	spu	total	prec	recall	F1
223	0	34	47	81	304	0.66	0.79	0.72



type matching
cor	inc	par	mis	spu	total	prec	recall	F1
173	84	0	47	81	304	0.51	0.57	0.54



SCORES FOR ENTITY TYPE
Exact matching on drug
cor	inc	par	mis	spu	total	prec	recall	F1
124	13	0	43	90	180	0.55	0.69	0.61


Exact matching on brand
cor	inc	par	mis	spu	total	prec	recall	F1
0	0	0	53	0	53	0	0	0


Exact matching on group
cor	inc	par	mis	spu	total	prec	recall	F1
26	10	0	29	7	65	0.6	0.4	0.48


Exact matching on drug_n
cor	inc	par	mis	spu	total	prec	recall	F1
0	0	0	6	0	6	0	0	0


MACRO-AVERAGE MEASURES:
P	R	F1
0.29	0.27	0.27
________________________________________________________________________

