task9.1 does not follow the convention file name for the task!

Strict matching (boundaries + type)
cor	inc	par	mis	spu	total	prec	recall	F1
224	36	0	44	51	304	0.72	0.74	0.73



Exact matching
cor	inc	par	mis	spu	total	prec	recall	F1
238	22	0	44	51	304	0.77	0.78	0.77



Partial matching
cor	inc	par	mis	spu	total	prec	recall	F1
238	0	22	44	51	304	0.77	0.82	0.79



type matching
cor	inc	par	mis	spu	total	prec	recall	F1
233	27	0	44	51	304	0.75	0.77	0.76



SCORES FOR ENTITY TYPE
Exact matching on drug
cor	inc	par	mis	spu	total	prec	recall	F1
143	4	0	33	7	180	0.93	0.79	0.86


Exact matching on brand
cor	inc	par	mis	spu	total	prec	recall	F1
42	1	0	10	17	53	0.7	0.79	0.74


Exact matching on group
cor	inc	par	mis	spu	total	prec	recall	F1
39	4	0	22	8	65	0.76	0.6	0.67


Exact matching on drug_n
cor	inc	par	mis	spu	total	prec	recall	F1
0	0	0	6	0	6	0	0	0


MACRO-AVERAGE MEASURES:
P	R	F1
0.6	0.55	0.57
________________________________________________________________________

