task9.1 does not follow the convention file name for the task!

Strict matching (boundaries + type)
cor	inc	par	mis	spu	total	prec	recall	F1
65	8	0	231	58	304	0.5	0.21	0.3



Exact matching
cor	inc	par	mis	spu	total	prec	recall	F1
66	7	0	231	58	304	0.5	0.22	0.3



Partial matching
cor	inc	par	mis	spu	total	prec	recall	F1
66	0	7	231	58	304	0.5	0.23	0.31



type matching
cor	inc	par	mis	spu	total	prec	recall	F1
66	7	0	231	58	304	0.5	0.22	0.3



SCORES FOR ENTITY TYPE
Exact matching on drug
cor	inc	par	mis	spu	total	prec	recall	F1
20	1	0	159	1	180	0.91	0.11	0.2


Exact matching on brand
cor	inc	par	mis	spu	total	prec	recall	F1
30	0	0	23	10	53	0.75	0.57	0.65


Exact matching on group
cor	inc	par	mis	spu	total	prec	recall	F1
15	0	0	50	5	65	0.75	0.23	0.35


Exact matching on drug_n
cor	inc	par	mis	spu	total	prec	recall	F1
0	0	0	6	0	6	0	0	0


MACRO-AVERAGE MEASURES:
P	R	F1
0.6	0.23	0.3
________________________________________________________________________

