task9.1 does not follow the convention file name for the task!

Strict matching (boundaries + type)
cor	inc	par	mis	spu	total	prec	recall	F1
99	14	0	191	63	304	0.56	0.33	0.41



Exact matching
cor	inc	par	mis	spu	total	prec	recall	F1
101	12	0	191	63	304	0.57	0.33	0.42



Partial matching
cor	inc	par	mis	spu	total	prec	recall	F1
101	0	12	191	63	304	0.57	0.35	0.44



type matching
cor	inc	par	mis	spu	total	prec	recall	F1
104	9	0	191	63	304	0.59	0.34	0.43



SCORES FOR ENTITY TYPE
Exact matching on drug
cor	inc	par	mis	spu	total	prec	recall	F1
54	3	0	123	10	180	0.81	0.3	0.44


Exact matching on brand
cor	inc	par	mis	spu	total	prec	recall	F1
30	0	0	23	10	53	0.75	0.57	0.65


Exact matching on group
cor	inc	par	mis	spu	total	prec	recall	F1
15	2	0	48	1	65	0.83	0.23	0.36


Exact matching on drug_n
cor	inc	par	mis	spu	total	prec	recall	F1
0	0	0	6	0	6	0	0	0


MACRO-AVERAGE MEASURES:
P	R	F1
0.6	0.27	0.36
________________________________________________________________________

