task9.1 does not follow the convention file name for the task!

Strict matching (boundaries + type)
cor	inc	par	mis	spu	total	prec	recall	F1
326	126	0	234	273	686	0.45	0.48	0.46



Exact matching
cor	inc	par	mis	spu	total	prec	recall	F1
386	66	0	234	273	686	0.53	0.56	0.55



Partial matching
cor	inc	par	mis	spu	total	prec	recall	F1
386	0	66	234	273	686	0.53	0.61	0.57



type matching
cor	inc	par	mis	spu	total	prec	recall	F1
350	102	0	234	273	686	0.48	0.51	0.5



SCORES FOR ENTITY TYPE
Exact matching on drug
cor	inc	par	mis	spu	total	prec	recall	F1
281	22	0	48	86	351	0.72	0.8	0.76


Exact matching on brand
cor	inc	par	mis	spu	total	prec	recall	F1
30	0	0	29	14	59	0.68	0.51	0.58


Exact matching on group
cor	inc	par	mis	spu	total	prec	recall	F1
15	2	0	138	8	155	0.6	0.1	0.17


Exact matching on drug_n
cor	inc	par	mis	spu	total	prec	recall	F1
0	0	0	121	0	121	0	0	0


MACRO-AVERAGE MEASURES:
P	R	F1
0.5	0.35	0.38
________________________________________________________________________

