SCORES FOR the file: task9.1.txt
Gold Dataset: /DrugBank

Partial Evaluation: only detection of DDI (regadless to the type)
tp	fp	fn	total	prec	recall	F1
884	4381	0	884	0.1679	1	0.2875


Detection and Classification of DDI
tp	fp	fn	total	prec	recall	F1
325	4940	559	884	0.0617	0.3676	0.1057


________________________________________________________________________

SCORES FOR DDI TYPE
Scores for ddi with type mechanism
tp	fp	fn	total	prec	recall	F1
87	36	191	278	0.7073	0.3129	0.4339


Scores for ddi with type effect
tp	fp	fn	total	prec	recall	F1
129	98	169	298	0.5683	0.4329	0.4914


Scores for ddi with type advise
tp	fp	fn	total	prec	recall	F1
86	28	128	214	0.7544	0.4019	0.5244


Scores for ddi with type int
tp	fp	fn	total	prec	recall	F1
23	3	71	94	0.8846	0.2447	0.3833


MACRO-AVERAGE MEASURES:
	P	R	F1
	0.7287	0.3481	0.4711
________________________________________________________________________

