SCORES FOR the file: task9.1.txt
Gold Dataset: /DrugBank

Partial Evaluation: only detection of DDI (regadless to the type)
tp	fp	fn	total	prec	recall	F1
884	4381	0	884	0.1679	1	0.2875


Detection and Classification of DDI
tp	fp	fn	total	prec	recall	F1
301	4964	583	884	0.0572	0.3405	0.0979


________________________________________________________________________

SCORES FOR DDI TYPE
Scores for ddi with type mechanism
tp	fp	fn	total	prec	recall	F1
79	36	199	278	0.687	0.2842	0.402


Scores for ddi with type effect
tp	fp	fn	total	prec	recall	F1
120	97	178	298	0.553	0.4027	0.466


Scores for ddi with type advise
tp	fp	fn	total	prec	recall	F1
79	27	135	214	0.7453	0.3692	0.4938


Scores for ddi with type int
tp	fp	fn	total	prec	recall	F1
23	3	71	94	0.8846	0.2447	0.3833


MACRO-AVERAGE MEASURES:
	P	R	F1
	0.7175	0.3252	0.4475
________________________________________________________________________

