task9.1 does not follow the convention file name for the task!

Strict matching (boundaries + type)
cor	inc	par	mis	spu	total	prec	recall	F1
221	51	0	32	23	304	0.75	0.73	0.74



Exact matching
cor	inc	par	mis	spu	total	prec	recall	F1
259	13	0	32	23	304	0.88	0.85	0.86



Partial matching
cor	inc	par	mis	spu	total	prec	recall	F1
259	0	13	32	23	304	0.88	0.87	0.88



type matching
cor	inc	par	mis	spu	total	prec	recall	F1
230	42	0	32	23	304	0.78	0.76	0.77



SCORES FOR ENTITY TYPE
Exact matching on drug
cor	inc	par	mis	spu	total	prec	recall	F1
147	4	0	29	32	180	0.8	0.82	0.81


Exact matching on brand
cor	inc	par	mis	spu	total	prec	recall	F1
23	1	0	29	2	53	0.88	0.43	0.58


Exact matching on group
cor	inc	par	mis	spu	total	prec	recall	F1
51	4	0	10	8	65	0.81	0.78	0.8


Exact matching on drug_n
cor	inc	par	mis	spu	total	prec	recall	F1
0	0	0	6	0	6	0	0	0


MACRO-AVERAGE MEASURES:
P	R	F1
0.62	0.51	0.55
________________________________________________________________________

