task9.1 does not follow the convention file name for the task!

Strict matching (boundaries + type)
cor	inc	par	mis	spu	total	prec	recall	F1
209	78	0	17	83	304	0.56	0.69	0.62



Exact matching
cor	inc	par	mis	spu	total	prec	recall	F1
260	27	0	17	83	304	0.7	0.86	0.77



Partial matching
cor	inc	par	mis	spu	total	prec	recall	F1
260	0	27	17	83	304	0.7	0.9	0.79



type matching
cor	inc	par	mis	spu	total	prec	recall	F1
227	60	0	17	83	304	0.61	0.75	0.67



SCORES FOR ENTITY TYPE
Exact matching on drug
cor	inc	par	mis	spu	total	prec	recall	F1
155	10	0	15	79	180	0.64	0.86	0.73


Exact matching on brand
cor	inc	par	mis	spu	total	prec	recall	F1
6	0	0	47	1	53	0.86	0.11	0.2


Exact matching on group
cor	inc	par	mis	spu	total	prec	recall	F1
48	8	0	9	4	65	0.8	0.74	0.77


Exact matching on drug_n
cor	inc	par	mis	spu	total	prec	recall	F1
0	0	0	6	0	6	0	0	0


MACRO-AVERAGE MEASURES:
P	R	F1
0.57	0.43	0.42
________________________________________________________________________

