task9.1 does not follow the convention file name for the task!

Strict matching (boundaries + type)
cor	inc	par	mis	spu	total	prec	recall	F1
364	133	0	189	205	686	0.52	0.53	0.52



Exact matching
cor	inc	par	mis	spu	total	prec	recall	F1
450	47	0	189	205	686	0.64	0.66	0.65



Partial matching
cor	inc	par	mis	spu	total	prec	recall	F1
450	0	47	189	205	686	0.64	0.69	0.66



type matching
cor	inc	par	mis	spu	total	prec	recall	F1
374	123	0	189	205	686	0.53	0.55	0.54



SCORES FOR ENTITY TYPE
Exact matching on drug
cor	inc	par	mis	spu	total	prec	recall	F1
221	6	0	124	34	351	0.85	0.63	0.72


Exact matching on brand
cor	inc	par	mis	spu	total	prec	recall	F1
37	0	0	22	14	59	0.73	0.63	0.67


Exact matching on group
cor	inc	par	mis	spu	total	prec	recall	F1
95	6	0	54	11	155	0.85	0.61	0.71


Exact matching on drug_n
cor	inc	par	mis	spu	total	prec	recall	F1
11	0	0	110	1	121	0.92	0.09	0.17


MACRO-AVERAGE MEASURES:
P	R	F1
0.83	0.49	0.57
________________________________________________________________________

