task9.1 does not follow the convention file name for the task!

Strict matching (boundaries + type)
cor	inc	par	mis	spu	total	prec	recall	F1
78	43	0	183	0	304	0.64	0.26	0.37



Exact matching
cor	inc	par	mis	spu	total	prec	recall	F1
101	20	0	183	0	304	0.83	0.33	0.48



Partial matching
cor	inc	par	mis	spu	total	prec	recall	F1
101	0	20	183	0	304	0.83	0.37	0.51



type matching
cor	inc	par	mis	spu	total	prec	recall	F1
85	36	0	183	0	304	0.7	0.28	0.4



SCORES FOR ENTITY TYPE
Exact matching on drug
cor	inc	par	mis	spu	total	prec	recall	F1
77	7	0	96	27	180	0.69	0.43	0.53


Exact matching on brand
cor	inc	par	mis	spu	total	prec	recall	F1
0	0	0	53	0	53	0	0	0


Exact matching on group
cor	inc	par	mis	spu	total	prec	recall	F1
1	0	0	64	0	65	1	0.02	0.03


Exact matching on drug_n
cor	inc	par	mis	spu	total	prec	recall	F1
0	0	0	6	0	6	0	0	0


MACRO-AVERAGE MEASURES:
P	R	F1
0.42	0.11	0.14
________________________________________________________________________

