task9.1 does not follow the convention file name for the task!

Strict matching (boundaries + type)
cor	inc	par	mis	spu	total	prec	recall	F1
241	36	0	27	33	304	0.78	0.79	0.79



Exact matching
cor	inc	par	mis	spu	total	prec	recall	F1
258	19	0	27	33	304	0.83	0.85	0.84



Partial matching
cor	inc	par	mis	spu	total	prec	recall	F1
258	0	19	27	33	304	0.83	0.88	0.86



type matching
cor	inc	par	mis	spu	total	prec	recall	F1
253	24	0	27	33	304	0.82	0.83	0.82



SCORES FOR ENTITY TYPE
Exact matching on drug
cor	inc	par	mis	spu	total	prec	recall	F1
155	5	0	20	18	180	0.87	0.86	0.87


Exact matching on brand
cor	inc	par	mis	spu	total	prec	recall	F1
35	4	0	14	5	53	0.8	0.66	0.72


Exact matching on group
cor	inc	par	mis	spu	total	prec	recall	F1
51	4	0	10	11	65	0.77	0.78	0.78


Exact matching on drug_n
cor	inc	par	mis	spu	total	prec	recall	F1
0	0	0	6	0	6	0	0	0


MACRO-AVERAGE MEASURES:
P	R	F1
0.61	0.58	0.59
________________________________________________________________________

