task9.1 does not follow the convention file name for the task!

Strict matching (boundaries + type)
cor	inc	par	mis	spu	total	prec	recall	F1
81	39	0	184	3	304	0.66	0.27	0.38



Exact matching
cor	inc	par	mis	spu	total	prec	recall	F1
116	4	0	184	3	304	0.94	0.38	0.54



Partial matching
cor	inc	par	mis	spu	total	prec	recall	F1
116	0	4	184	3	304	0.94	0.39	0.55



type matching
cor	inc	par	mis	spu	total	prec	recall	F1
82	38	0	184	3	304	0.67	0.27	0.38



SCORES FOR ENTITY TYPE
Exact matching on drug
cor	inc	par	mis	spu	total	prec	recall	F1
66	0	0	114	21	180	0.76	0.37	0.49


Exact matching on brand
cor	inc	par	mis	spu	total	prec	recall	F1
0	0	0	53	0	53	0	0	0


Exact matching on group
cor	inc	par	mis	spu	total	prec	recall	F1
15	1	0	49	8	65	0.62	0.23	0.34


Exact matching on drug_n
cor	inc	par	mis	spu	total	prec	recall	F1
0	0	0	6	0	6	0	0	0


MACRO-AVERAGE MEASURES:
P	R	F1
0.35	0.15	0.21
________________________________________________________________________

