task9.1 does not follow the convention file name for the task!

Strict matching (boundaries + type)
cor	inc	par	mis	spu	total	prec	recall	F1
88	42	0	174	9	304	0.63	0.29	0.4



Exact matching
cor	inc	par	mis	spu	total	prec	recall	F1
123	7	0	174	9	304	0.88	0.4	0.56



Partial matching
cor	inc	par	mis	spu	total	prec	recall	F1
123	0	7	174	9	304	0.88	0.42	0.57



type matching
cor	inc	par	mis	spu	total	prec	recall	F1
91	39	0	174	9	304	0.65	0.3	0.41



SCORES FOR ENTITY TYPE
Exact matching on drug
cor	inc	par	mis	spu	total	prec	recall	F1
68	1	0	111	22	180	0.75	0.38	0.5


Exact matching on brand
cor	inc	par	mis	spu	total	prec	recall	F1
0	0	0	53	0	53	0	0	0


Exact matching on group
cor	inc	par	mis	spu	total	prec	recall	F1
20	2	0	43	13	65	0.57	0.31	0.4


Exact matching on drug_n
cor	inc	par	mis	spu	total	prec	recall	F1
0	0	0	6	0	6	0	0	0


MACRO-AVERAGE MEASURES:
P	R	F1
0.33	0.17	0.23
________________________________________________________________________

