task9.1 does not follow the convention file name for the task!

Strict matching (boundaries + type)
cor	inc	par	mis	spu	total	prec	recall	F1
210	25	0	69	11	304	0.85	0.69	0.76



Exact matching
cor	inc	par	mis	spu	total	prec	recall	F1
226	9	0	69	11	304	0.92	0.74	0.82



Partial matching
cor	inc	par	mis	spu	total	prec	recall	F1
226	0	9	69	11	304	0.92	0.76	0.83



type matching
cor	inc	par	mis	spu	total	prec	recall	F1
217	18	0	69	11	304	0.88	0.71	0.79



SCORES FOR ENTITY TYPE
Exact matching on drug
cor	inc	par	mis	spu	total	prec	recall	F1
143	3	0	34	12	180	0.91	0.79	0.85


Exact matching on brand
cor	inc	par	mis	spu	total	prec	recall	F1
14	0	0	39	1	53	0.93	0.26	0.41


Exact matching on group
cor	inc	par	mis	spu	total	prec	recall	F1
52	4	0	9	7	65	0.83	0.8	0.81


Exact matching on drug_n
cor	inc	par	mis	spu	total	prec	recall	F1
1	0	0	5	0	6	1	0.17	0.29


MACRO-AVERAGE MEASURES:
P	R	F1
0.92	0.51	0.59
________________________________________________________________________

