task9.1 does not follow the convention file name for the task!

Strict matching (boundaries + type)
cor	inc	par	mis	spu	total	prec	recall	F1
145	23	0	136	17	304	0.78	0.48	0.59



Exact matching
cor	inc	par	mis	spu	total	prec	recall	F1
157	11	0	136	17	304	0.85	0.52	0.64



Partial matching
cor	inc	par	mis	spu	total	prec	recall	F1
157	0	11	136	17	304	0.85	0.53	0.66



type matching
cor	inc	par	mis	spu	total	prec	recall	F1
153	15	0	136	17	304	0.83	0.5	0.63



SCORES FOR ENTITY TYPE
Exact matching on drug
cor	inc	par	mis	spu	total	prec	recall	F1
95	4	0	81	6	180	0.9	0.53	0.67


Exact matching on brand
cor	inc	par	mis	spu	total	prec	recall	F1
6	0	0	47	7	53	0.46	0.11	0.18


Exact matching on group
cor	inc	par	mis	spu	total	prec	recall	F1
44	4	0	17	5	65	0.83	0.68	0.75


Exact matching on drug_n
cor	inc	par	mis	spu	total	prec	recall	F1
0	0	0	6	0	6	0	0	0


MACRO-AVERAGE MEASURES:
P	R	F1
0.55	0.33	0.4
________________________________________________________________________

