task9.1 does not follow the convention file name for the task!

Strict matching (boundaries + type)
cor	inc	par	mis	spu	total	prec	recall	F1
251	23	0	30	21	304	0.85	0.83	0.84



Exact matching
cor	inc	par	mis	spu	total	prec	recall	F1
262	12	0	30	21	304	0.89	0.86	0.87



Partial matching
cor	inc	par	mis	spu	total	prec	recall	F1
262	0	12	30	21	304	0.89	0.88	0.88



type matching
cor	inc	par	mis	spu	total	prec	recall	F1
260	14	0	30	21	304	0.88	0.86	0.87



SCORES FOR ENTITY TYPE
Exact matching on drug
cor	inc	par	mis	spu	total	prec	recall	F1
157	2	0	21	7	180	0.95	0.87	0.91


Exact matching on brand
cor	inc	par	mis	spu	total	prec	recall	F1
43	1	0	9	6	53	0.86	0.81	0.83


Exact matching on group
cor	inc	par	mis	spu	total	prec	recall	F1
51	6	0	8	9	65	0.77	0.78	0.78


Exact matching on drug_n
cor	inc	par	mis	spu	total	prec	recall	F1
0	0	0	6	0	6	0	0	0


MACRO-AVERAGE MEASURES:
P	R	F1
0.64	0.62	0.63
________________________________________________________________________

