task9.1 does not follow the convention file name for the task!

Strict matching (boundaries + type)
cor	inc	par	mis	spu	total	prec	recall	F1
214	70	0	20	44	304	0.65	0.7	0.68



Exact matching
cor	inc	par	mis	spu	total	prec	recall	F1
263	21	0	20	44	304	0.8	0.87	0.83



Partial matching
cor	inc	par	mis	spu	total	prec	recall	F1
263	0	21	20	44	304	0.8	0.9	0.85



type matching
cor	inc	par	mis	spu	total	prec	recall	F1
229	55	0	20	44	304	0.7	0.75	0.72



SCORES FOR ENTITY TYPE
Exact matching on drug
cor	inc	par	mis	spu	total	prec	recall	F1
145	7	0	28	9	180	0.9	0.81	0.85


Exact matching on brand
cor	inc	par	mis	spu	total	prec	recall	F1
14	0	0	39	1	53	0.93	0.26	0.41


Exact matching on group
cor	inc	par	mis	spu	total	prec	recall	F1
55	4	0	6	7	65	0.83	0.85	0.84


Exact matching on drug_n
cor	inc	par	mis	spu	total	prec	recall	F1
0	4	0	2	4	6	0	0	0


MACRO-AVERAGE MEASURES:
P	R	F1
0.67	0.48	0.53
________________________________________________________________________

