task9.1 does not follow the convention file name for the task!

Strict matching (boundaries + type)
cor	inc	par	mis	spu	total	prec	recall	F1
216	63	0	25	41	304	0.68	0.71	0.69



Exact matching
cor	inc	par	mis	spu	total	prec	recall	F1
264	15	0	25	41	304	0.82	0.87	0.85



Partial matching
cor	inc	par	mis	spu	total	prec	recall	F1
264	0	15	25	41	304	0.82	0.89	0.86



type matching
cor	inc	par	mis	spu	total	prec	recall	F1
222	57	0	25	41	304	0.69	0.73	0.71



SCORES FOR ENTITY TYPE
Exact matching on drug
cor	inc	par	mis	spu	total	prec	recall	F1
149	2	0	29	9	180	0.93	0.83	0.88


Exact matching on brand
cor	inc	par	mis	spu	total	prec	recall	F1
14	0	0	39	2	53	0.88	0.26	0.41


Exact matching on group
cor	inc	par	mis	spu	total	prec	recall	F1
53	4	0	8	37	65	0.56	0.82	0.67


Exact matching on drug_n
cor	inc	par	mis	spu	total	prec	recall	F1
0	0	0	6	0	6	0	0	0


MACRO-AVERAGE MEASURES:
P	R	F1
0.59	0.48	0.49
________________________________________________________________________

