task9.1 does not follow the convention file name for the task!

Strict matching (boundaries + type)
cor	inc	par	mis	spu	total	prec	recall	F1
106	138	0	138	165	382	0.26	0.28	0.27



Exact matching
cor	inc	par	mis	spu	total	prec	recall	F1
188	56	0	138	165	382	0.46	0.49	0.48



Partial matching
cor	inc	par	mis	spu	total	prec	recall	F1
188	0	56	138	165	382	0.46	0.57	0.51



type matching
cor	inc	par	mis	spu	total	prec	recall	F1
130	114	0	138	165	382	0.32	0.34	0.33



SCORES FOR ENTITY TYPE
Exact matching on drug
cor	inc	par	mis	spu	total	prec	recall	F1
66	10	0	95	21	171	0.68	0.39	0.49


Exact matching on brand
cor	inc	par	mis	spu	total	prec	recall	F1
2	1	0	3	1	6	0.5	0.33	0.4


Exact matching on group
cor	inc	par	mis	spu	total	prec	recall	F1
22	9	0	59	30	90	0.36	0.24	0.29


Exact matching on drug_n
cor	inc	par	mis	spu	total	prec	recall	F1
16	7	0	92	22	115	0.36	0.14	0.2


MACRO-AVERAGE MEASURES:
P	R	F1
0.47	0.28	0.35
________________________________________________________________________

