task9.1 does not follow the convention file name for the task!

Strict matching (boundaries + type)
cor	inc	par	mis	spu	total	prec	recall	F1
117	30	0	157	6	304	0.76	0.38	0.51



Exact matching
cor	inc	par	mis	spu	total	prec	recall	F1
139	8	0	157	6	304	0.91	0.46	0.61



Partial matching
cor	inc	par	mis	spu	total	prec	recall	F1
139	0	8	157	6	304	0.91	0.47	0.62



type matching
cor	inc	par	mis	spu	total	prec	recall	F1
122	25	0	157	6	304	0.8	0.4	0.53



SCORES FOR ENTITY TYPE
Exact matching on drug
cor	inc	par	mis	spu	total	prec	recall	F1
83	1	0	96	15	180	0.84	0.46	0.59


Exact matching on brand
cor	inc	par	mis	spu	total	prec	recall	F1
2	0	0	51	2	53	0.5	0.04	0.07


Exact matching on group
cor	inc	par	mis	spu	total	prec	recall	F1
32	5	0	28	5	65	0.76	0.49	0.6


Exact matching on drug_n
cor	inc	par	mis	spu	total	prec	recall	F1
0	0	0	6	0	6	0	0	0


MACRO-AVERAGE MEASURES:
P	R	F1
0.53	0.25	0.32
________________________________________________________________________

