task9.1 does not follow the convention file name for the task!

Strict matching (boundaries + type)
cor	inc	par	mis	spu	total	prec	recall	F1
154	11	0	139	7	304	0.9	0.51	0.65



Exact matching
cor	inc	par	mis	spu	total	prec	recall	F1
159	6	0	139	7	304	0.92	0.52	0.67



Partial matching
cor	inc	par	mis	spu	total	prec	recall	F1
159	0	6	139	7	304	0.92	0.53	0.68



type matching
cor	inc	par	mis	spu	total	prec	recall	F1
159	6	0	139	7	304	0.92	0.52	0.67



SCORES FOR ENTITY TYPE
Exact matching on drug
cor	inc	par	mis	spu	total	prec	recall	F1
98	0	0	82	3	180	0.97	0.54	0.7


Exact matching on brand
cor	inc	par	mis	spu	total	prec	recall	F1
6	0	0	47	0	53	1	0.11	0.2


Exact matching on group
cor	inc	par	mis	spu	total	prec	recall	F1
50	5	0	10	4	65	0.85	0.77	0.81


Exact matching on drug_n
cor	inc	par	mis	spu	total	prec	recall	F1
0	0	0	6	0	6	0	0	0


MACRO-AVERAGE MEASURES:
P	R	F1
0.7	0.36	0.43
________________________________________________________________________

