task9.1 does not follow the convention file name for the task!

Strict matching (boundaries + type)
cor	inc	par	mis	spu	total	prec	recall	F1
80	25	0	199	1	304	0.75	0.26	0.39



Exact matching
cor	inc	par	mis	spu	total	prec	recall	F1
99	6	0	199	1	304	0.93	0.33	0.48



Partial matching
cor	inc	par	mis	spu	total	prec	recall	F1
99	0	6	199	1	304	0.93	0.34	0.49



type matching
cor	inc	par	mis	spu	total	prec	recall	F1
84	21	0	199	1	304	0.79	0.28	0.41



SCORES FOR ENTITY TYPE
Exact matching on drug
cor	inc	par	mis	spu	total	prec	recall	F1
63	0	0	117	0	180	1	0.35	0.52


Exact matching on brand
cor	inc	par	mis	spu	total	prec	recall	F1
0	0	0	53	0	53	0	0	0


Exact matching on group
cor	inc	par	mis	spu	total	prec	recall	F1
17	5	0	43	11	65	0.52	0.26	0.35


Exact matching on drug_n
cor	inc	par	mis	spu	total	prec	recall	F1
0	0	0	6	0	6	0	0	0


MACRO-AVERAGE MEASURES:
P	R	F1
0.38	0.15	0.22
________________________________________________________________________

