task9.1 does not follow the convention file name for the task!

Strict matching (boundaries + type)
cor	inc	par	mis	spu	total	prec	recall	F1
2	0	0	302	0	304	1	0.01	0.01



Exact matching
cor	inc	par	mis	spu	total	prec	recall	F1
2	0	0	302	0	304	1	0.01	0.01



Partial matching
cor	inc	par	mis	spu	total	prec	recall	F1
2	0	0	302	0	304	1	0.01	0.01



type matching
cor	inc	par	mis	spu	total	prec	recall	F1
2	0	0	302	0	304	1	0.01	0.01



SCORES FOR ENTITY TYPE
Exact matching on drug
cor	inc	par	mis	spu	total	prec	recall	F1
1	0	0	179	0	180	1	0.01	0.01


Exact matching on brand
cor	inc	par	mis	spu	total	prec	recall	F1
0	0	0	53	0	53	0	0	0


Exact matching on group
cor	inc	par	mis	spu	total	prec	recall	F1
1	0	0	64	0	65	1	0.02	0.03


Exact matching on drug_n
cor	inc	par	mis	spu	total	prec	recall	F1
0	0	0	6	0	6	0	0	0


MACRO-AVERAGE MEASURES:
P	R	F1
0.5	0.01	0.01
________________________________________________________________________

