task9.1 does not follow the convention file name for the task!

Strict matching (boundaries + type)
cor	inc	par	mis	spu	total	prec	recall	F1
197	87	0	20	82	304	0.54	0.65	0.59



Exact matching
cor	inc	par	mis	spu	total	prec	recall	F1
257	27	0	20	82	304	0.7	0.85	0.77



Partial matching
cor	inc	par	mis	spu	total	prec	recall	F1
257	0	27	20	82	304	0.7	0.89	0.78



type matching
cor	inc	par	mis	spu	total	prec	recall	F1
215	69	0	20	82	304	0.59	0.71	0.64



SCORES FOR ENTITY TYPE
Exact matching on drug
cor	inc	par	mis	spu	total	prec	recall	F1
150	13	0	17	83	180	0.61	0.83	0.7


Exact matching on brand
cor	inc	par	mis	spu	total	prec	recall	F1
3	0	0	50	2	53	0.6	0.06	0.1


Exact matching on group
cor	inc	par	mis	spu	total	prec	recall	F1
44	5	0	16	6	65	0.8	0.68	0.73


Exact matching on drug_n
cor	inc	par	mis	spu	total	prec	recall	F1
0	0	0	6	0	6	0	0	0


MACRO-AVERAGE MEASURES:
P	R	F1
0.5	0.39	0.39
________________________________________________________________________

