task9.1 does not follow the convention file name for the task!

Strict matching (boundaries + type)
cor	inc	par	mis	spu	total	prec	recall	F1
221	19	0	64	16	304	0.86	0.73	0.79



Exact matching
cor	inc	par	mis	spu	total	prec	recall	F1
231	9	0	64	16	304	0.9	0.76	0.83



Partial matching
cor	inc	par	mis	spu	total	prec	recall	F1
231	0	9	64	16	304	0.9	0.77	0.83



type matching
cor	inc	par	mis	spu	total	prec	recall	F1
228	12	0	64	16	304	0.89	0.75	0.81



SCORES FOR ENTITY TYPE
Exact matching on drug
cor	inc	par	mis	spu	total	prec	recall	F1
152	2	0	26	9	180	0.93	0.84	0.89


Exact matching on brand
cor	inc	par	mis	spu	total	prec	recall	F1
14	0	0	39	3	53	0.82	0.26	0.4


Exact matching on group
cor	inc	par	mis	spu	total	prec	recall	F1
55	5	0	5	8	65	0.81	0.85	0.83


Exact matching on drug_n
cor	inc	par	mis	spu	total	prec	recall	F1
0	0	0	6	0	6	0	0	0


MACRO-AVERAGE MEASURES:
P	R	F1
0.64	0.49	0.53
________________________________________________________________________

