SCORES FOR the file: task9.1.txt
Gold Dataset: /DrugBank

Partial Evaluation: only detection of DDI (regadless to the type)
tp	fp	fn	total	prec	recall	F1
884	4381	0	884	0.1679	1	0.2875


Detection and Classification of DDI
tp	fp	fn	total	prec	recall	F1
568	4697	316	884	0.1079	0.6425	0.1847


________________________________________________________________________

SCORES FOR DDI TYPE
Scores for ddi with type mechanism
tp	fp	fn	total	prec	recall	F1
177	715	101	278	0.1984	0.6367	0.3026


Scores for ddi with type effect
tp	fp	fn	total	prec	recall	F1
226	905	72	298	0.1998	0.7584	0.3163


Scores for ddi with type advise
tp	fp	fn	total	prec	recall	F1
145	376	69	214	0.2783	0.6776	0.3946


Scores for ddi with type int
tp	fp	fn	total	prec	recall	F1
20	120	74	94	0.1429	0.2128	0.1709


MACRO-AVERAGE MEASURES:
	P	R	F1
	0.2049	0.5714	0.3016
________________________________________________________________________

