SCORES FOR the file: task9.1.txt
Gold Dataset: /DrugBank

Partial Evaluation: only detection of DDI (regadless to the type)
tp	fp	fn	total	prec	recall	F1
884	4381	0	884	0.1679	1	0.2875


Detection and Classification of DDI
tp	fp	fn	total	prec	recall	F1
245	5020	639	884	0.0465	0.2771	0.0797


________________________________________________________________________

SCORES FOR DDI TYPE
Scores for ddi with type mechanism
tp	fp	fn	total	prec	recall	F1
62	77	216	278	0.446	0.223	0.2974


Scores for ddi with type effect
tp	fp	fn	total	prec	recall	F1
117	142	181	298	0.4517	0.3926	0.4201


Scores for ddi with type advise
tp	fp	fn	total	prec	recall	F1
64	44	150	214	0.5926	0.2991	0.3975


Scores for ddi with type int
tp	fp	fn	total	prec	recall	F1
2	14	92	94	0.125	0.0213	0.0364


MACRO-AVERAGE MEASURES:
	P	R	F1
	0.4038	0.234	0.2963
________________________________________________________________________

