task9.1 does not follow the convention file name for the task!

Strict matching (boundaries + type)
cor	inc	par	mis	spu	total	prec	recall	F1
234	47	0	23	43	304	0.72	0.77	0.75



Exact matching
cor	inc	par	mis	spu	total	prec	recall	F1
254	27	0	23	43	304	0.78	0.84	0.81



Partial matching
cor	inc	par	mis	spu	total	prec	recall	F1
254	0	27	23	43	304	0.78	0.88	0.83



type matching
cor	inc	par	mis	spu	total	prec	recall	F1
252	29	0	23	43	304	0.78	0.83	0.8



SCORES FOR ENTITY TYPE
Exact matching on drug
cor	inc	par	mis	spu	total	prec	recall	F1
145	8	0	27	14	180	0.87	0.81	0.84


Exact matching on brand
cor	inc	par	mis	spu	total	prec	recall	F1
44	1	0	8	16	53	0.72	0.83	0.77


Exact matching on group
cor	inc	par	mis	spu	total	prec	recall	F1
45	9	0	11	6	65	0.75	0.69	0.72


Exact matching on drug_n
cor	inc	par	mis	spu	total	prec	recall	F1
0	0	0	6	0	6	0	0	0


MACRO-AVERAGE MEASURES:
P	R	F1
0.58	0.58	0.58
________________________________________________________________________

