task9.1 does not follow the convention file name for the task!

Strict matching (boundaries + type)
cor	inc	par	mis	spu	total	prec	recall	F1
220	48	0	36	76	304	0.64	0.72	0.68



Exact matching
cor	inc	par	mis	spu	total	prec	recall	F1
237	31	0	36	76	304	0.69	0.78	0.73



Partial matching
cor	inc	par	mis	spu	total	prec	recall	F1
237	0	31	36	76	304	0.69	0.83	0.75



type matching
cor	inc	par	mis	spu	total	prec	recall	F1
242	26	0	36	76	304	0.7	0.8	0.75



SCORES FOR ENTITY TYPE
Exact matching on drug
cor	inc	par	mis	spu	total	prec	recall	F1
147	15	0	18	33	180	0.75	0.82	0.78


Exact matching on brand
cor	inc	par	mis	spu	total	prec	recall	F1
30	0	0	23	9	53	0.77	0.57	0.65


Exact matching on group
cor	inc	par	mis	spu	total	prec	recall	F1
43	7	0	15	13	65	0.68	0.66	0.67


Exact matching on drug_n
cor	inc	par	mis	spu	total	prec	recall	F1
0	0	0	6	0	6	0	0	0


MACRO-AVERAGE MEASURES:
P	R	F1
0.55	0.51	0.53
________________________________________________________________________

