SCORES FOR the file: task9.1.txt
Gold Dataset: /MedLine

Partial Evaluation: only detection of DDI (regadless to the type)
tp	fp	fn	total	prec	recall	F1
51	148	44	95	0.2563	0.5368	0.3469


Detection and Classification of DDI
tp	fp	fn	total	prec	recall	F1
30	169	65	95	0.1508	0.3158	0.2041


________________________________________________________________________

SCORES FOR DDI TYPE
Scores for ddi with type mechanism
tp	fp	fn	total	prec	recall	F1
2	22	22	24	0.0833	0.0833	0.0833


Scores for ddi with type effect
tp	fp	fn	total	prec	recall	F1
24	103	38	62	0.189	0.3871	0.254


Scores for ddi with type advise
tp	fp	fn	total	prec	recall	F1
3	24	4	7	0.1111	0.4286	0.1765


Scores for ddi with type int
tp	fp	fn	total	prec	recall	F1
1	20	1	2	0.0476	0.5	0.087


MACRO-AVERAGE MEASURES:
	P	R	F1
	0.1078	0.3498	0.1648
________________________________________________________________________

