task9.1 does not follow the convention file name for the task!

Strict matching (boundaries + type)
cor	inc	par	mis	spu	total	prec	recall	F1
250	35	0	19	28	304	0.8	0.82	0.81



Exact matching
cor	inc	par	mis	spu	total	prec	recall	F1
273	12	0	19	28	304	0.87	0.9	0.88



Partial matching
cor	inc	par	mis	spu	total	prec	recall	F1
273	0	12	19	28	304	0.87	0.92	0.89



type matching
cor	inc	par	mis	spu	total	prec	recall	F1
257	28	0	19	28	304	0.82	0.85	0.83



SCORES FOR ENTITY TYPE
Exact matching on drug
cor	inc	par	mis	spu	total	prec	recall	F1
161	2	0	17	22	180	0.87	0.89	0.88


Exact matching on brand
cor	inc	par	mis	spu	total	prec	recall	F1
35	1	0	17	5	53	0.85	0.66	0.74


Exact matching on group
cor	inc	par	mis	spu	total	prec	recall	F1
54	4	0	7	11	65	0.78	0.83	0.81


Exact matching on drug_n
cor	inc	par	mis	spu	total	prec	recall	F1
0	0	0	6	0	6	0	0	0


MACRO-AVERAGE MEASURES:
P	R	F1
0.63	0.6	0.61
________________________________________________________________________

