task9.1 does not follow the convention file name for the task!

Strict matching (boundaries + type)
cor	inc	par	mis	spu	total	prec	recall	F1
223	54	0	27	29	304	0.73	0.73	0.73



Exact matching
cor	inc	par	mis	spu	total	prec	recall	F1
262	15	0	27	29	304	0.86	0.86	0.86



Partial matching
cor	inc	par	mis	spu	total	prec	recall	F1
262	0	15	27	29	304	0.86	0.89	0.87



type matching
cor	inc	par	mis	spu	total	prec	recall	F1
232	45	0	27	29	304	0.76	0.76	0.76



SCORES FOR ENTITY TYPE
Exact matching on drug
cor	inc	par	mis	spu	total	prec	recall	F1
151	4	0	25	30	180	0.82	0.84	0.83


Exact matching on brand
cor	inc	par	mis	spu	total	prec	recall	F1
23	0	0	30	3	53	0.88	0.43	0.58


Exact matching on group
cor	inc	par	mis	spu	total	prec	recall	F1
49	5	0	11	12	65	0.74	0.75	0.75


Exact matching on drug_n
cor	inc	par	mis	spu	total	prec	recall	F1
0	0	0	6	0	6	0	0	0


MACRO-AVERAGE MEASURES:
P	R	F1
0.61	0.51	0.54
________________________________________________________________________

