task9.1 does not follow the convention file name for the task!

Strict matching (boundaries + type)
cor	inc	par	mis	spu	total	prec	recall	F1
213	24	0	67	14	304	0.85	0.7	0.77



Exact matching
cor	inc	par	mis	spu	total	prec	recall	F1
227	10	0	67	14	304	0.9	0.75	0.82



Partial matching
cor	inc	par	mis	spu	total	prec	recall	F1
227	0	10	67	14	304	0.9	0.76	0.83



type matching
cor	inc	par	mis	spu	total	prec	recall	F1
222	15	0	67	14	304	0.88	0.73	0.8



SCORES FOR ENTITY TYPE
Exact matching on drug
cor	inc	par	mis	spu	total	prec	recall	F1
145	5	0	30	11	180	0.9	0.81	0.85


Exact matching on brand
cor	inc	par	mis	spu	total	prec	recall	F1
14	0	0	39	0	53	1	0.26	0.42


Exact matching on group
cor	inc	par	mis	spu	total	prec	recall	F1
54	4	0	7	9	65	0.81	0.83	0.82


Exact matching on drug_n
cor	inc	par	mis	spu	total	prec	recall	F1
0	0	0	6	0	6	0	0	0


MACRO-AVERAGE MEASURES:
P	R	F1
0.68	0.48	0.52
________________________________________________________________________

