task9.1 does not follow the convention file name for the task!

Strict matching (boundaries + type)
cor	inc	par	mis	spu	total	prec	recall	F1
144	21	0	139	13	304	0.81	0.47	0.6



Exact matching
cor	inc	par	mis	spu	total	prec	recall	F1
151	14	0	139	13	304	0.85	0.5	0.63



Partial matching
cor	inc	par	mis	spu	total	prec	recall	F1
151	0	14	139	13	304	0.85	0.52	0.64



type matching
cor	inc	par	mis	spu	total	prec	recall	F1
157	8	0	139	13	304	0.88	0.52	0.65



SCORES FOR ENTITY TYPE
Exact matching on drug
cor	inc	par	mis	spu	total	prec	recall	F1
93	4	0	83	4	180	0.92	0.52	0.66


Exact matching on brand
cor	inc	par	mis	spu	total	prec	recall	F1
4	0	0	49	3	53	0.57	0.08	0.13


Exact matching on group
cor	inc	par	mis	spu	total	prec	recall	F1
47	9	0	9	6	65	0.76	0.72	0.74


Exact matching on drug_n
cor	inc	par	mis	spu	total	prec	recall	F1
0	0	0	6	0	6	0	0	0


MACRO-AVERAGE MEASURES:
P	R	F1
0.56	0.33	0.38
________________________________________________________________________

