task9.1 does not follow the convention file name for the task!

Strict matching (boundaries + type)
cor	inc	par	mis	spu	total	prec	recall	F1
211	65	0	28	40	304	0.67	0.69	0.68



Exact matching
cor	inc	par	mis	spu	total	prec	recall	F1
240	36	0	28	40	304	0.76	0.79	0.77



Partial matching
cor	inc	par	mis	spu	total	prec	recall	F1
240	0	36	28	40	304	0.76	0.85	0.8



type matching
cor	inc	par	mis	spu	total	prec	recall	F1
236	40	0	28	40	304	0.75	0.78	0.76



SCORES FOR ENTITY TYPE
Exact matching on drug
cor	inc	par	mis	spu	total	prec	recall	F1
153	15	0	12	41	180	0.73	0.85	0.79


Exact matching on brand
cor	inc	par	mis	spu	total	prec	recall	F1
12	0	0	41	1	53	0.92	0.23	0.36


Exact matching on group
cor	inc	par	mis	spu	total	prec	recall	F1
46	10	0	9	6	65	0.74	0.71	0.72


Exact matching on drug_n
cor	inc	par	mis	spu	total	prec	recall	F1
0	0	0	6	0	6	0	0	0


MACRO-AVERAGE MEASURES:
P	R	F1
0.6	0.45	0.47
________________________________________________________________________

