task9.1 does not follow the convention file name for the task!

Strict matching (boundaries + type)
cor	inc	par	mis	spu	total	prec	recall	F1
187	30	0	87	22	304	0.78	0.62	0.69



Exact matching
cor	inc	par	mis	spu	total	prec	recall	F1
194	23	0	87	22	304	0.81	0.64	0.71



Partial matching
cor	inc	par	mis	spu	total	prec	recall	F1
194	0	23	87	22	304	0.81	0.68	0.74



type matching
cor	inc	par	mis	spu	total	prec	recall	F1
203	14	0	87	22	304	0.85	0.67	0.75



SCORES FOR ENTITY TYPE
Exact matching on drug
cor	inc	par	mis	spu	total	prec	recall	F1
151	5	0	24	11	180	0.9	0.84	0.87


Exact matching on brand
cor	inc	par	mis	spu	total	prec	recall	F1
0	0	0	53	0	53	0	0	0


Exact matching on group
cor	inc	par	mis	spu	total	prec	recall	F1
36	11	0	18	13	65	0.6	0.55	0.58


Exact matching on drug_n
cor	inc	par	mis	spu	total	prec	recall	F1
0	0	0	6	0	6	0	0	0


MACRO-AVERAGE MEASURES:
P	R	F1
0.38	0.35	0.36
________________________________________________________________________

