task9.1 does not follow the convention file name for the task!

Strict matching (boundaries + type)
cor	inc	par	mis	spu	total	prec	recall	F1
213	71	0	20	47	304	0.64	0.7	0.67



Exact matching
cor	inc	par	mis	spu	total	prec	recall	F1
262	22	0	20	47	304	0.79	0.86	0.83



Partial matching
cor	inc	par	mis	spu	total	prec	recall	F1
262	0	22	20	47	304	0.79	0.9	0.84



type matching
cor	inc	par	mis	spu	total	prec	recall	F1
223	61	0	20	47	304	0.67	0.73	0.7



SCORES FOR ENTITY TYPE
Exact matching on drug
cor	inc	par	mis	spu	total	prec	recall	F1
149	5	0	26	9	180	0.91	0.83	0.87


Exact matching on brand
cor	inc	par	mis	spu	total	prec	recall	F1
13	0	0	40	3	53	0.81	0.25	0.38


Exact matching on group
cor	inc	par	mis	spu	total	prec	recall	F1
51	5	0	9	41	65	0.53	0.78	0.63


Exact matching on drug_n
cor	inc	par	mis	spu	total	prec	recall	F1
0	0	0	6	0	6	0	0	0


MACRO-AVERAGE MEASURES:
P	R	F1
0.56	0.46	0.47
________________________________________________________________________

