task9.1 does not follow the convention file name for the task!

Strict matching (boundaries + type)
cor	inc	par	mis	spu	total	prec	recall	F1
88	33	0	183	3	304	0.71	0.29	0.41



Exact matching
cor	inc	par	mis	spu	total	prec	recall	F1
114	7	0	183	3	304	0.92	0.38	0.53



Partial matching
cor	inc	par	mis	spu	total	prec	recall	F1
114	0	7	183	3	304	0.92	0.39	0.54



type matching
cor	inc	par	mis	spu	total	prec	recall	F1
91	30	0	183	3	304	0.73	0.3	0.43



SCORES FOR ENTITY TYPE
Exact matching on drug
cor	inc	par	mis	spu	total	prec	recall	F1
58	0	0	122	5	180	0.92	0.32	0.48


Exact matching on brand
cor	inc	par	mis	spu	total	prec	recall	F1
0	0	0	53	0	53	0	0	0


Exact matching on group
cor	inc	par	mis	spu	total	prec	recall	F1
30	4	0	31	19	65	0.57	0.46	0.51


Exact matching on drug_n
cor	inc	par	mis	spu	total	prec	recall	F1
0	0	0	6	0	6	0	0	0


MACRO-AVERAGE MEASURES:
P	R	F1
0.37	0.2	0.25
________________________________________________________________________

