task9.1 does not follow the convention file name for the task!

Strict matching (boundaries + type)
cor	inc	par	mis	spu	total	prec	recall	F1
128	28	0	148	8	304	0.78	0.42	0.55



Exact matching
cor	inc	par	mis	spu	total	prec	recall	F1
149	7	0	148	8	304	0.91	0.49	0.64



Partial matching
cor	inc	par	mis	spu	total	prec	recall	F1
149	0	7	148	8	304	0.91	0.5	0.65



type matching
cor	inc	par	mis	spu	total	prec	recall	F1
133	23	0	148	8	304	0.81	0.44	0.57



SCORES FOR ENTITY TYPE
Exact matching on drug
cor	inc	par	mis	spu	total	prec	recall	F1
90	0	0	90	10	180	0.9	0.5	0.64


Exact matching on brand
cor	inc	par	mis	spu	total	prec	recall	F1
2	0	0	51	2	53	0.5	0.04	0.07


Exact matching on group
cor	inc	par	mis	spu	total	prec	recall	F1
36	5	0	24	5	65	0.78	0.55	0.65


Exact matching on drug_n
cor	inc	par	mis	spu	total	prec	recall	F1
0	0	0	6	0	6	0	0	0


MACRO-AVERAGE MEASURES:
P	R	F1
0.55	0.27	0.34
________________________________________________________________________

