task9.1 does not follow the convention file name for the task!

Strict matching (boundaries + type)
cor	inc	par	mis	spu	total	prec	recall	F1
81	50	0	173	143	304	0.3	0.27	0.28



Exact matching
cor	inc	par	mis	spu	total	prec	recall	F1
115	16	0	173	143	304	0.42	0.38	0.4



Partial matching
cor	inc	par	mis	spu	total	prec	recall	F1
115	0	16	173	143	304	0.42	0.4	0.41



type matching
cor	inc	par	mis	spu	total	prec	recall	F1
88	43	0	173	143	304	0.32	0.29	0.3



SCORES FOR ENTITY TYPE
Exact matching on drug
cor	inc	par	mis	spu	total	prec	recall	F1
81	7	0	92	130	180	0.37	0.45	0.41


Exact matching on brand
cor	inc	par	mis	spu	total	prec	recall	F1
0	0	0	53	0	53	0	0	0


Exact matching on group
cor	inc	par	mis	spu	total	prec	recall	F1
0	0	0	65	0	65	0	0	0


Exact matching on drug_n
cor	inc	par	mis	spu	total	prec	recall	F1
0	0	0	6	0	6	0	0	0


MACRO-AVERAGE MEASURES:
P	R	F1
0.09	0.11	0.1
________________________________________________________________________

