task9.1 does not follow the convention file name for the task!

Strict matching (boundaries + type)
cor	inc	par	mis	spu	total	prec	recall	F1
214	55	0	35	25	304	0.73	0.7	0.72



Exact matching
cor	inc	par	mis	spu	total	prec	recall	F1
256	13	0	35	25	304	0.87	0.84	0.86



Partial matching
cor	inc	par	mis	spu	total	prec	recall	F1
256	0	13	35	25	304	0.87	0.86	0.87



type matching
cor	inc	par	mis	spu	total	prec	recall	F1
224	45	0	35	25	304	0.76	0.74	0.75



SCORES FOR ENTITY TYPE
Exact matching on drug
cor	inc	par	mis	spu	total	prec	recall	F1
151	6	0	23	32	180	0.8	0.84	0.82


Exact matching on brand
cor	inc	par	mis	spu	total	prec	recall	F1
12	0	0	41	3	53	0.8	0.23	0.35


Exact matching on group
cor	inc	par	mis	spu	total	prec	recall	F1
51	4	0	10	8	65	0.81	0.78	0.8


Exact matching on drug_n
cor	inc	par	mis	spu	total	prec	recall	F1
0	0	0	6	0	6	0	0	0


MACRO-AVERAGE MEASURES:
P	R	F1
0.6	0.46	0.49
________________________________________________________________________

